{"timestamp":"2026-04-14T18:31:29.163860Z","level":"info","event":"Filling up the DagBag from /opt/airflow/dags/operator_demo.py","logger":"airflow.models.dagbag.DagBag","filename":"dagbag.py","lineno":593}
{"timestamp":"2026-04-14T18:31:29.199165Z","level":"warning","event":"The `airflow.decorators.dag` attribute is deprecated. Please use `'airflow.sdk.dag'`.","category":"DeprecatedImportWarning","filename":"/opt/airflow/dags/operator_demo.py","lineno":2,"logger":"py.warnings"}
{"timestamp":"2026-04-14T18:31:29.199345Z","level":"warning","event":"The `airflow.operators.bash.BashOperator` attribute is deprecated. Please use `'airflow.providers.standard.operators.bash.BashOperator'`.","category":"DeprecatedImportWarning","filename":"/opt/airflow/dags/operator_demo.py","lineno":3,"logger":"py.warnings"}
{"timestamp":"2026-04-14T18:31:59.749184Z","level":"info","event":"Filling up the DagBag from /opt/airflow/dags/operator_demo.py","logger":"airflow.models.dagbag.DagBag","filename":"dagbag.py","lineno":593}
{"timestamp":"2026-04-14T18:31:59.770567Z","level":"warning","event":"The `airflow.decorators.dag` attribute is deprecated. Please use `'airflow.sdk.dag'`.","category":"DeprecatedImportWarning","filename":"/opt/airflow/dags/operator_demo.py","lineno":2,"logger":"py.warnings"}
{"timestamp":"2026-04-14T18:31:59.770750Z","level":"warning","event":"The `airflow.operators.bash.BashOperator` attribute is deprecated. Please use `'airflow.providers.standard.operators.bash.BashOperator'`.","category":"DeprecatedImportWarning","filename":"/opt/airflow/dags/operator_demo.py","lineno":3,"logger":"py.warnings"}
{"timestamp":"2026-04-14T18:32:29.911013Z","level":"info","event":"Filling up the DagBag from /opt/airflow/dags/operator_demo.py","logger":"airflow.models.dagbag.DagBag","filename":"dagbag.py","lineno":593}
{"timestamp":"2026-04-14T18:32:29.937077Z","level":"warning","event":"The `airflow.decorators.dag` attribute is deprecated. Please use `'airflow.sdk.dag'`.","category":"DeprecatedImportWarning","filename":"/opt/airflow/dags/operator_demo.py","lineno":2,"logger":"py.warnings"}
{"timestamp":"2026-04-14T18:32:29.937235Z","level":"warning","event":"The `airflow.operators.bash.BashOperator` attribute is deprecated. Please use `'airflow.providers.standard.operators.bash.BashOperator'`.","category":"DeprecatedImportWarning","filename":"/opt/airflow/dags/operator_demo.py","lineno":3,"logger":"py.warnings"}
{"timestamp":"2026-04-14T18:33:00.669643Z","level":"info","event":"Filling up the DagBag from /opt/airflow/dags/operator_demo.py","logger":"airflow.models.dagbag.DagBag","filename":"dagbag.py","lineno":593}
{"timestamp":"2026-04-14T18:33:00.690675Z","level":"warning","event":"The `airflow.decorators.dag` attribute is deprecated. Please use `'airflow.sdk.dag'`.","category":"DeprecatedImportWarning","filename":"/opt/airflow/dags/operator_demo.py","lineno":2,"logger":"py.warnings"}
{"timestamp":"2026-04-14T18:33:00.690870Z","level":"warning","event":"The `airflow.operators.bash.BashOperator` attribute is deprecated. Please use `'airflow.providers.standard.operators.bash.BashOperator'`.","category":"DeprecatedImportWarning","filename":"/opt/airflow/dags/operator_demo.py","lineno":3,"logger":"py.warnings"}
{"timestamp":"2026-04-14T18:33:31.136691Z","level":"info","event":"Filling up the DagBag from /opt/airflow/dags/operator_demo.py","logger":"airflow.models.dagbag.DagBag","filename":"dagbag.py","lineno":593}
{"timestamp":"2026-04-14T18:33:31.153199Z","level":"warning","event":"The `airflow.decorators.dag` attribute is deprecated. Please use `'airflow.sdk.dag'`.","category":"DeprecatedImportWarning","filename":"/opt/airflow/dags/operator_demo.py","lineno":2,"logger":"py.warnings"}
{"timestamp":"2026-04-14T18:33:31.153395Z","level":"warning","event":"The `airflow.operators.bash.BashOperator` attribute is deprecated. Please use `'airflow.providers.standard.operators.bash.BashOperator'`.","category":"DeprecatedImportWarning","filename":"/opt/airflow/dags/operator_demo.py","lineno":3,"logger":"py.warnings"}
{"timestamp":"2026-04-14T18:34:01.550798Z","level":"info","event":"Filling up the DagBag from /opt/airflow/dags/operator_demo.py","logger":"airflow.models.dagbag.DagBag","filename":"dagbag.py","lineno":593}
{"timestamp":"2026-04-14T18:34:01.571762Z","level":"warning","event":"The `airflow.decorators.dag` attribute is deprecated. Please use `'airflow.sdk.dag'`.","category":"DeprecatedImportWarning","filename":"/opt/airflow/dags/operator_demo.py","lineno":2,"logger":"py.warnings"}
{"timestamp":"2026-04-14T18:34:01.572124Z","level":"warning","event":"The `airflow.operators.bash.BashOperator` attribute is deprecated. Please use `'airflow.providers.standard.operators.bash.BashOperator'`.","category":"DeprecatedImportWarning","filename":"/opt/airflow/dags/operator_demo.py","lineno":3,"logger":"py.warnings"}
{"timestamp":"2026-04-14T18:34:32.565648Z","level":"info","event":"Filling up the DagBag from /opt/airflow/dags/operator_demo.py","logger":"airflow.models.dagbag.DagBag","filename":"dagbag.py","lineno":593}
{"timestamp":"2026-04-14T18:34:32.588233Z","level":"warning","event":"The `airflow.decorators.dag` attribute is deprecated. Please use `'airflow.sdk.dag'`.","category":"DeprecatedImportWarning","filename":"/opt/airflow/dags/operator_demo.py","lineno":2,"logger":"py.warnings"}
{"timestamp":"2026-04-14T18:34:32.588416Z","level":"warning","event":"The `airflow.operators.bash.BashOperator` attribute is deprecated. Please use `'airflow.providers.standard.operators.bash.BashOperator'`.","category":"DeprecatedImportWarning","filename":"/opt/airflow/dags/operator_demo.py","lineno":3,"logger":"py.warnings"}
{"timestamp":"2026-04-14T18:35:03.137839Z","level":"info","event":"Filling up the DagBag from /opt/airflow/dags/operator_demo.py","logger":"airflow.models.dagbag.DagBag","filename":"dagbag.py","lineno":593}
{"timestamp":"2026-04-14T18:35:03.160668Z","level":"warning","event":"The `airflow.decorators.dag` attribute is deprecated. Please use `'airflow.sdk.dag'`.","category":"DeprecatedImportWarning","filename":"/opt/airflow/dags/operator_demo.py","lineno":2,"logger":"py.warnings"}
{"timestamp":"2026-04-14T18:35:03.161000Z","level":"warning","event":"The `airflow.operators.bash.BashOperator` attribute is deprecated. Please use `'airflow.providers.standard.operators.bash.BashOperator'`.","category":"DeprecatedImportWarning","filename":"/opt/airflow/dags/operator_demo.py","lineno":3,"logger":"py.warnings"}
{"timestamp":"2026-04-14T18:35:33.371891Z","level":"info","event":"Filling up the DagBag from /opt/airflow/dags/operator_demo.py","logger":"airflow.models.dagbag.DagBag","filename":"dagbag.py","lineno":593}
{"timestamp":"2026-04-14T18:35:33.395052Z","level":"warning","event":"The `airflow.decorators.dag` attribute is deprecated. Please use `'airflow.sdk.dag'`.","category":"DeprecatedImportWarning","filename":"/opt/airflow/dags/operator_demo.py","lineno":2,"logger":"py.warnings"}
{"timestamp":"2026-04-14T18:35:33.395255Z","level":"warning","event":"The `airflow.operators.bash.BashOperator` attribute is deprecated. Please use `'airflow.providers.standard.operators.bash.BashOperator'`.","category":"DeprecatedImportWarning","filename":"/opt/airflow/dags/operator_demo.py","lineno":3,"logger":"py.warnings"}
{"timestamp":"2026-04-14T18:36:03.638763Z","level":"info","event":"Filling up the DagBag from /opt/airflow/dags/operator_demo.py","logger":"airflow.models.dagbag.DagBag","filename":"dagbag.py","lineno":593}
{"timestamp":"2026-04-14T18:36:03.656202Z","level":"warning","event":"The `airflow.decorators.dag` attribute is deprecated. Please use `'airflow.sdk.dag'`.","category":"DeprecatedImportWarning","filename":"/opt/airflow/dags/operator_demo.py","lineno":2,"logger":"py.warnings"}
{"timestamp":"2026-04-14T18:36:03.656399Z","level":"warning","event":"The `airflow.operators.bash.BashOperator` attribute is deprecated. Please use `'airflow.providers.standard.operators.bash.BashOperator'`.","category":"DeprecatedImportWarning","filename":"/opt/airflow/dags/operator_demo.py","lineno":3,"logger":"py.warnings"}
{"timestamp":"2026-04-14T18:36:34.227492Z","level":"info","event":"Filling up the DagBag from /opt/airflow/dags/operator_demo.py","logger":"airflow.models.dagbag.DagBag","filename":"dagbag.py","lineno":593}
{"timestamp":"2026-04-14T18:36:34.247549Z","level":"warning","event":"The `airflow.decorators.dag` attribute is deprecated. Please use `'airflow.sdk.dag'`.","category":"DeprecatedImportWarning","filename":"/opt/airflow/dags/operator_demo.py","lineno":2,"logger":"py.warnings"}
{"timestamp":"2026-04-14T18:36:34.247735Z","level":"warning","event":"The `airflow.operators.bash.BashOperator` attribute is deprecated. Please use `'airflow.providers.standard.operators.bash.BashOperator'`.","category":"DeprecatedImportWarning","filename":"/opt/airflow/dags/operator_demo.py","lineno":3,"logger":"py.warnings"}
{"timestamp":"2026-04-14T18:37:04.461383Z","level":"info","event":"Filling up the DagBag from /opt/airflow/dags/operator_demo.py","logger":"airflow.models.dagbag.DagBag","filename":"dagbag.py","lineno":593}
{"timestamp":"2026-04-14T18:37:04.480132Z","level":"warning","event":"The `airflow.decorators.dag` attribute is deprecated. Please use `'airflow.sdk.dag'`.","category":"DeprecatedImportWarning","filename":"/opt/airflow/dags/operator_demo.py","lineno":2,"logger":"py.warnings"}
{"timestamp":"2026-04-14T18:37:04.480329Z","level":"warning","event":"The `airflow.operators.bash.BashOperator` attribute is deprecated. Please use `'airflow.providers.standard.operators.bash.BashOperator'`.","category":"DeprecatedImportWarning","filename":"/opt/airflow/dags/operator_demo.py","lineno":3,"logger":"py.warnings"}
{"timestamp":"2026-04-14T18:37:34.731149Z","level":"info","event":"Filling up the DagBag from /opt/airflow/dags/operator_demo.py","logger":"airflow.models.dagbag.DagBag","filename":"dagbag.py","lineno":593}
{"timestamp":"2026-04-14T18:37:34.755075Z","level":"warning","event":"The `airflow.decorators.dag` attribute is deprecated. Please use `'airflow.sdk.dag'`.","category":"DeprecatedImportWarning","filename":"/opt/airflow/dags/operator_demo.py","lineno":2,"logger":"py.warnings"}
{"timestamp":"2026-04-14T18:37:34.755280Z","level":"warning","event":"The `airflow.operators.bash.BashOperator` attribute is deprecated. Please use `'airflow.providers.standard.operators.bash.BashOperator'`.","category":"DeprecatedImportWarning","filename":"/opt/airflow/dags/operator_demo.py","lineno":3,"logger":"py.warnings"}
{"timestamp":"2026-04-14T18:38:05.582106Z","level":"info","event":"Filling up the DagBag from /opt/airflow/dags/operator_demo.py","logger":"airflow.models.dagbag.DagBag","filename":"dagbag.py","lineno":593}
{"timestamp":"2026-04-14T18:38:05.605212Z","level":"warning","event":"The `airflow.decorators.dag` attribute is deprecated. Please use `'airflow.sdk.dag'`.","category":"DeprecatedImportWarning","filename":"/opt/airflow/dags/operator_demo.py","lineno":2,"logger":"py.warnings"}
{"timestamp":"2026-04-14T18:38:05.605444Z","level":"warning","event":"The `airflow.operators.bash.BashOperator` attribute is deprecated. Please use `'airflow.providers.standard.operators.bash.BashOperator'`.","category":"DeprecatedImportWarning","filename":"/opt/airflow/dags/operator_demo.py","lineno":3,"logger":"py.warnings"}
{"timestamp":"2026-04-14T18:38:36.041396Z","level":"info","event":"Filling up the DagBag from /opt/airflow/dags/operator_demo.py","logger":"airflow.models.dagbag.DagBag","filename":"dagbag.py","lineno":593}
{"timestamp":"2026-04-14T18:38:36.066733Z","level":"warning","event":"The `airflow.decorators.dag` attribute is deprecated. Please use `'airflow.sdk.dag'`.","category":"DeprecatedImportWarning","filename":"/opt/airflow/dags/operator_demo.py","lineno":2,"logger":"py.warnings"}
{"timestamp":"2026-04-14T18:38:36.066954Z","level":"warning","event":"The `airflow.operators.bash.BashOperator` attribute is deprecated. Please use `'airflow.providers.standard.operators.bash.BashOperator'`.","category":"DeprecatedImportWarning","filename":"/opt/airflow/dags/operator_demo.py","lineno":3,"logger":"py.warnings"}
{"timestamp":"2026-04-14T18:39:06.206406Z","level":"info","event":"Filling up the DagBag from /opt/airflow/dags/operator_demo.py","logger":"airflow.models.dagbag.DagBag","filename":"dagbag.py","lineno":593}
{"timestamp":"2026-04-14T18:39:06.224426Z","level":"warning","event":"The `airflow.decorators.dag` attribute is deprecated. Please use `'airflow.sdk.dag'`.","category":"DeprecatedImportWarning","filename":"/opt/airflow/dags/operator_demo.py","lineno":2,"logger":"py.warnings"}
{"timestamp":"2026-04-14T18:39:06.224559Z","level":"warning","event":"The `airflow.operators.bash.BashOperator` attribute is deprecated. Please use `'airflow.providers.standard.operators.bash.BashOperator'`.","category":"DeprecatedImportWarning","filename":"/opt/airflow/dags/operator_demo.py","lineno":3,"logger":"py.warnings"}
{"timestamp":"2026-04-14T18:39:36.702861Z","level":"info","event":"Filling up the DagBag from /opt/airflow/dags/operator_demo.py","logger":"airflow.models.dagbag.DagBag","filename":"dagbag.py","lineno":593}
{"timestamp":"2026-04-14T18:39:36.722246Z","level":"warning","event":"The `airflow.decorators.dag` attribute is deprecated. Please use `'airflow.sdk.dag'`.","category":"DeprecatedImportWarning","filename":"/opt/airflow/dags/operator_demo.py","lineno":2,"logger":"py.warnings"}
{"timestamp":"2026-04-14T18:39:36.722387Z","level":"warning","event":"The `airflow.operators.bash.BashOperator` attribute is deprecated. Please use `'airflow.providers.standard.operators.bash.BashOperator'`.","category":"DeprecatedImportWarning","filename":"/opt/airflow/dags/operator_demo.py","lineno":3,"logger":"py.warnings"}
{"timestamp":"2026-04-14T18:40:06.878034Z","level":"info","event":"Filling up the DagBag from /opt/airflow/dags/operator_demo.py","logger":"airflow.models.dagbag.DagBag","filename":"dagbag.py","lineno":593}
{"timestamp":"2026-04-14T18:40:06.894324Z","level":"warning","event":"The `airflow.decorators.dag` attribute is deprecated. Please use `'airflow.sdk.dag'`.","category":"DeprecatedImportWarning","filename":"/opt/airflow/dags/operator_demo.py","lineno":2,"logger":"py.warnings"}
{"timestamp":"2026-04-14T18:40:06.894462Z","level":"warning","event":"The `airflow.operators.bash.BashOperator` attribute is deprecated. Please use `'airflow.providers.standard.operators.bash.BashOperator'`.","category":"DeprecatedImportWarning","filename":"/opt/airflow/dags/operator_demo.py","lineno":3,"logger":"py.warnings"}
{"timestamp":"2026-04-14T18:40:37.617578Z","level":"info","event":"Filling up the DagBag from /opt/airflow/dags/operator_demo.py","logger":"airflow.models.dagbag.DagBag","filename":"dagbag.py","lineno":593}
{"timestamp":"2026-04-14T18:40:37.640940Z","level":"warning","event":"The `airflow.decorators.dag` attribute is deprecated. Please use `'airflow.sdk.dag'`.","category":"DeprecatedImportWarning","filename":"/opt/airflow/dags/operator_demo.py","lineno":2,"logger":"py.warnings"}
{"timestamp":"2026-04-14T18:40:37.641191Z","level":"warning","event":"The `airflow.operators.bash.BashOperator` attribute is deprecated. Please use `'airflow.providers.standard.operators.bash.BashOperator'`.","category":"DeprecatedImportWarning","filename":"/opt/airflow/dags/operator_demo.py","lineno":3,"logger":"py.warnings"}
{"timestamp":"2026-04-14T18:41:07.956522Z","level":"info","event":"Filling up the DagBag from /opt/airflow/dags/operator_demo.py","logger":"airflow.models.dagbag.DagBag","filename":"dagbag.py","lineno":593}
{"timestamp":"2026-04-14T18:41:07.981055Z","level":"warning","event":"The `airflow.decorators.dag` attribute is deprecated. Please use `'airflow.sdk.dag'`.","category":"DeprecatedImportWarning","filename":"/opt/airflow/dags/operator_demo.py","lineno":2,"logger":"py.warnings"}
{"timestamp":"2026-04-14T18:41:07.981259Z","level":"warning","event":"The `airflow.operators.bash.BashOperator` attribute is deprecated. Please use `'airflow.providers.standard.operators.bash.BashOperator'`.","category":"DeprecatedImportWarning","filename":"/opt/airflow/dags/operator_demo.py","lineno":3,"logger":"py.warnings"}
{"timestamp":"2026-04-14T18:41:38.720765Z","level":"info","event":"Filling up the DagBag from /opt/airflow/dags/operator_demo.py","logger":"airflow.models.dagbag.DagBag","filename":"dagbag.py","lineno":593}
{"timestamp":"2026-04-14T18:41:38.740023Z","level":"warning","event":"The `airflow.decorators.dag` attribute is deprecated. Please use `'airflow.sdk.dag'`.","category":"DeprecatedImportWarning","filename":"/opt/airflow/dags/operator_demo.py","lineno":2,"logger":"py.warnings"}
{"timestamp":"2026-04-14T18:41:38.740207Z","level":"warning","event":"The `airflow.operators.bash.BashOperator` attribute is deprecated. Please use `'airflow.providers.standard.operators.bash.BashOperator'`.","category":"DeprecatedImportWarning","filename":"/opt/airflow/dags/operator_demo.py","lineno":3,"logger":"py.warnings"}
{"timestamp":"2026-04-14T18:42:09.467186Z","level":"info","event":"Filling up the DagBag from /opt/airflow/dags/operator_demo.py","logger":"airflow.models.dagbag.DagBag","filename":"dagbag.py","lineno":593}
{"timestamp":"2026-04-14T18:42:09.498848Z","level":"warning","event":"The `airflow.decorators.dag` attribute is deprecated. Please use `'airflow.sdk.dag'`.","category":"DeprecatedImportWarning","filename":"/opt/airflow/dags/operator_demo.py","lineno":2,"logger":"py.warnings"}
{"timestamp":"2026-04-14T18:42:09.499412Z","level":"warning","event":"The `airflow.operators.bash.BashOperator` attribute is deprecated. Please use `'airflow.providers.standard.operators.bash.BashOperator'`.","category":"DeprecatedImportWarning","filename":"/opt/airflow/dags/operator_demo.py","lineno":3,"logger":"py.warnings"}
{"timestamp":"2026-04-14T18:42:39.728567Z","level":"info","event":"Filling up the DagBag from /opt/airflow/dags/operator_demo.py","logger":"airflow.models.dagbag.DagBag","filename":"dagbag.py","lineno":593}
{"timestamp":"2026-04-14T18:42:39.756855Z","level":"warning","event":"The `airflow.decorators.dag` attribute is deprecated. Please use `'airflow.sdk.dag'`.","category":"DeprecatedImportWarning","filename":"/opt/airflow/dags/operator_demo.py","lineno":2,"logger":"py.warnings"}
{"timestamp":"2026-04-14T18:42:39.757006Z","level":"warning","event":"The `airflow.operators.bash.BashOperator` attribute is deprecated. Please use `'airflow.providers.standard.operators.bash.BashOperator'`.","category":"DeprecatedImportWarning","filename":"/opt/airflow/dags/operator_demo.py","lineno":3,"logger":"py.warnings"}
{"timestamp":"2026-04-14T18:43:09.951304Z","level":"info","event":"Filling up the DagBag from /opt/airflow/dags/operator_demo.py","logger":"airflow.models.dagbag.DagBag","filename":"dagbag.py","lineno":593}
{"timestamp":"2026-04-14T18:43:09.969369Z","level":"warning","event":"The `airflow.decorators.dag` attribute is deprecated. Please use `'airflow.sdk.dag'`.","category":"DeprecatedImportWarning","filename":"/opt/airflow/dags/operator_demo.py","lineno":2,"logger":"py.warnings"}
{"timestamp":"2026-04-14T18:43:09.969505Z","level":"warning","event":"The `airflow.operators.bash.BashOperator` attribute is deprecated. Please use `'airflow.providers.standard.operators.bash.BashOperator'`.","category":"DeprecatedImportWarning","filename":"/opt/airflow/dags/operator_demo.py","lineno":3,"logger":"py.warnings"}
{"timestamp":"2026-04-14T18:43:40.827997Z","level":"info","event":"Filling up the DagBag from /opt/airflow/dags/operator_demo.py","logger":"airflow.models.dagbag.DagBag","filename":"dagbag.py","lineno":593}
{"timestamp":"2026-04-14T18:43:40.848072Z","level":"warning","event":"The `airflow.decorators.dag` attribute is deprecated. Please use `'airflow.sdk.dag'`.","category":"DeprecatedImportWarning","filename":"/opt/airflow/dags/operator_demo.py","lineno":2,"logger":"py.warnings"}
{"timestamp":"2026-04-14T18:43:40.848212Z","level":"warning","event":"The `airflow.operators.bash.BashOperator` attribute is deprecated. Please use `'airflow.providers.standard.operators.bash.BashOperator'`.","category":"DeprecatedImportWarning","filename":"/opt/airflow/dags/operator_demo.py","lineno":3,"logger":"py.warnings"}
{"timestamp":"2026-04-14T18:44:11.123633Z","level":"info","event":"Filling up the DagBag from /opt/airflow/dags/operator_demo.py","logger":"airflow.models.dagbag.DagBag","filename":"dagbag.py","lineno":593}
{"timestamp":"2026-04-14T18:44:11.156610Z","level":"warning","event":"The `airflow.decorators.dag` attribute is deprecated. Please use `'airflow.sdk.dag'`.","category":"DeprecatedImportWarning","filename":"/opt/airflow/dags/operator_demo.py","lineno":2,"logger":"py.warnings"}
{"timestamp":"2026-04-14T18:44:11.156799Z","level":"warning","event":"The `airflow.operators.bash.BashOperator` attribute is deprecated. Please use `'airflow.providers.standard.operators.bash.BashOperator'`.","category":"DeprecatedImportWarning","filename":"/opt/airflow/dags/operator_demo.py","lineno":3,"logger":"py.warnings"}
{"timestamp":"2026-04-14T18:44:41.823764Z","level":"info","event":"Filling up the DagBag from /opt/airflow/dags/operator_demo.py","logger":"airflow.models.dagbag.DagBag","filename":"dagbag.py","lineno":593}
{"timestamp":"2026-04-14T18:44:41.880157Z","level":"warning","event":"The `airflow.decorators.dag` attribute is deprecated. Please use `'airflow.sdk.dag'`.","category":"DeprecatedImportWarning","filename":"/opt/airflow/dags/operator_demo.py","lineno":2,"logger":"py.warnings"}
{"timestamp":"2026-04-14T18:44:41.880494Z","level":"warning","event":"The `airflow.operators.bash.BashOperator` attribute is deprecated. Please use `'airflow.providers.standard.operators.bash.BashOperator'`.","category":"DeprecatedImportWarning","filename":"/opt/airflow/dags/operator_demo.py","lineno":3,"logger":"py.warnings"}
{"timestamp":"2026-04-14T18:45:12.620365Z","level":"info","event":"Filling up the DagBag from /opt/airflow/dags/operator_demo.py","logger":"airflow.models.dagbag.DagBag","filename":"dagbag.py","lineno":593}
{"timestamp":"2026-04-14T18:45:12.642886Z","level":"warning","event":"The `airflow.decorators.dag` attribute is deprecated. Please use `'airflow.sdk.dag'`.","category":"DeprecatedImportWarning","filename":"/opt/airflow/dags/operator_demo.py","lineno":2,"logger":"py.warnings"}
{"timestamp":"2026-04-14T18:45:12.643061Z","level":"warning","event":"The `airflow.operators.bash.BashOperator` attribute is deprecated. Please use `'airflow.providers.standard.operators.bash.BashOperator'`.","category":"DeprecatedImportWarning","filename":"/opt/airflow/dags/operator_demo.py","lineno":3,"logger":"py.warnings"}
{"timestamp":"2026-04-14T18:45:42.864225Z","level":"info","event":"Filling up the DagBag from /opt/airflow/dags/operator_demo.py","logger":"airflow.models.dagbag.DagBag","filename":"dagbag.py","lineno":593}
{"timestamp":"2026-04-14T18:45:42.884290Z","level":"warning","event":"The `airflow.decorators.dag` attribute is deprecated. Please use `'airflow.sdk.dag'`.","category":"DeprecatedImportWarning","filename":"/opt/airflow/dags/operator_demo.py","lineno":2,"logger":"py.warnings"}
{"timestamp":"2026-04-14T18:45:42.884469Z","level":"warning","event":"The `airflow.operators.bash.BashOperator` attribute is deprecated. Please use `'airflow.providers.standard.operators.bash.BashOperator'`.","category":"DeprecatedImportWarning","filename":"/opt/airflow/dags/operator_demo.py","lineno":3,"logger":"py.warnings"}
{"timestamp":"2026-04-14T18:46:13.508219Z","level":"info","event":"Filling up the DagBag from /opt/airflow/dags/operator_demo.py","logger":"airflow.models.dagbag.DagBag","filename":"dagbag.py","lineno":593}
{"timestamp":"2026-04-14T18:46:13.530574Z","level":"warning","event":"The `airflow.decorators.dag` attribute is deprecated. Please use `'airflow.sdk.dag'`.","category":"DeprecatedImportWarning","filename":"/opt/airflow/dags/operator_demo.py","lineno":2,"logger":"py.warnings"}
{"timestamp":"2026-04-14T18:46:13.530792Z","level":"warning","event":"The `airflow.operators.bash.BashOperator` attribute is deprecated. Please use `'airflow.providers.standard.operators.bash.BashOperator'`.","category":"DeprecatedImportWarning","filename":"/opt/airflow/dags/operator_demo.py","lineno":3,"logger":"py.warnings"}
{"timestamp":"2026-04-14T18:46:44.097445Z","level":"info","event":"Filling up the DagBag from /opt/airflow/dags/operator_demo.py","logger":"airflow.models.dagbag.DagBag","filename":"dagbag.py","lineno":593}
{"timestamp":"2026-04-14T18:46:44.114912Z","level":"warning","event":"The `airflow.decorators.dag` attribute is deprecated. Please use `'airflow.sdk.dag'`.","category":"DeprecatedImportWarning","filename":"/opt/airflow/dags/operator_demo.py","lineno":2,"logger":"py.warnings"}
{"timestamp":"2026-04-14T18:46:44.115110Z","level":"warning","event":"The `airflow.operators.bash.BashOperator` attribute is deprecated. Please use `'airflow.providers.standard.operators.bash.BashOperator'`.","category":"DeprecatedImportWarning","filename":"/opt/airflow/dags/operator_demo.py","lineno":3,"logger":"py.warnings"}
{"timestamp":"2026-04-14T18:47:14.418224Z","level":"info","event":"Filling up the DagBag from /opt/airflow/dags/operator_demo.py","logger":"airflow.models.dagbag.DagBag","filename":"dagbag.py","lineno":593}
{"timestamp":"2026-04-14T18:47:14.444061Z","level":"warning","event":"The `airflow.decorators.dag` attribute is deprecated. Please use `'airflow.sdk.dag'`.","category":"DeprecatedImportWarning","filename":"/opt/airflow/dags/operator_demo.py","lineno":2,"logger":"py.warnings"}
{"timestamp":"2026-04-14T18:47:14.444287Z","level":"warning","event":"The `airflow.operators.bash.BashOperator` attribute is deprecated. Please use `'airflow.providers.standard.operators.bash.BashOperator'`.","category":"DeprecatedImportWarning","filename":"/opt/airflow/dags/operator_demo.py","lineno":3,"logger":"py.warnings"}
{"timestamp":"2026-04-14T18:47:44.850337Z","level":"info","event":"Filling up the DagBag from /opt/airflow/dags/operator_demo.py","logger":"airflow.models.dagbag.DagBag","filename":"dagbag.py","lineno":593}
{"timestamp":"2026-04-14T18:47:44.872165Z","level":"warning","event":"The `airflow.decorators.dag` attribute is deprecated. Please use `'airflow.sdk.dag'`.","category":"DeprecatedImportWarning","filename":"/opt/airflow/dags/operator_demo.py","lineno":2,"logger":"py.warnings"}
{"timestamp":"2026-04-14T18:47:44.872301Z","level":"warning","event":"The `airflow.operators.bash.BashOperator` attribute is deprecated. Please use `'airflow.providers.standard.operators.bash.BashOperator'`.","category":"DeprecatedImportWarning","filename":"/opt/airflow/dags/operator_demo.py","lineno":3,"logger":"py.warnings"}
{"timestamp":"2026-04-14T18:48:15.132690Z","level":"info","event":"Filling up the DagBag from /opt/airflow/dags/operator_demo.py","logger":"airflow.models.dagbag.DagBag","filename":"dagbag.py","lineno":593}
{"timestamp":"2026-04-14T18:48:15.151441Z","level":"warning","event":"The `airflow.decorators.dag` attribute is deprecated. Please use `'airflow.sdk.dag'`.","category":"DeprecatedImportWarning","filename":"/opt/airflow/dags/operator_demo.py","lineno":2,"logger":"py.warnings"}
{"timestamp":"2026-04-14T18:48:15.151655Z","level":"warning","event":"The `airflow.operators.bash.BashOperator` attribute is deprecated. Please use `'airflow.providers.standard.operators.bash.BashOperator'`.","category":"DeprecatedImportWarning","filename":"/opt/airflow/dags/operator_demo.py","lineno":3,"logger":"py.warnings"}
{"timestamp":"2026-04-14T18:48:45.751618Z","level":"info","event":"Filling up the DagBag from /opt/airflow/dags/operator_demo.py","logger":"airflow.models.dagbag.DagBag","filename":"dagbag.py","lineno":593}
{"timestamp":"2026-04-14T18:48:45.780032Z","level":"warning","event":"The `airflow.decorators.dag` attribute is deprecated. Please use `'airflow.sdk.dag'`.","category":"DeprecatedImportWarning","filename":"/opt/airflow/dags/operator_demo.py","lineno":2,"logger":"py.warnings"}
{"timestamp":"2026-04-14T18:48:45.780262Z","level":"warning","event":"The `airflow.operators.bash.BashOperator` attribute is deprecated. Please use `'airflow.providers.standard.operators.bash.BashOperator'`.","category":"DeprecatedImportWarning","filename":"/opt/airflow/dags/operator_demo.py","lineno":3,"logger":"py.warnings"}
{"timestamp":"2026-04-14T18:49:15.920810Z","level":"info","event":"Filling up the DagBag from /opt/airflow/dags/operator_demo.py","logger":"airflow.models.dagbag.DagBag","filename":"dagbag.py","lineno":593}
{"timestamp":"2026-04-14T18:49:15.954973Z","level":"warning","event":"The `airflow.decorators.dag` attribute is deprecated. Please use `'airflow.sdk.dag'`.","category":"DeprecatedImportWarning","filename":"/opt/airflow/dags/operator_demo.py","lineno":2,"logger":"py.warnings"}
{"timestamp":"2026-04-14T18:49:15.955174Z","level":"warning","event":"The `airflow.operators.bash.BashOperator` attribute is deprecated. Please use `'airflow.providers.standard.operators.bash.BashOperator'`.","category":"DeprecatedImportWarning","filename":"/opt/airflow/dags/operator_demo.py","lineno":3,"logger":"py.warnings"}
{"timestamp":"2026-04-14T18:49:46.139948Z","level":"info","event":"Filling up the DagBag from /opt/airflow/dags/operator_demo.py","logger":"airflow.models.dagbag.DagBag","filename":"dagbag.py","lineno":593}
{"timestamp":"2026-04-14T18:49:46.164068Z","level":"warning","event":"The `airflow.decorators.dag` attribute is deprecated. Please use `'airflow.sdk.dag'`.","category":"DeprecatedImportWarning","filename":"/opt/airflow/dags/operator_demo.py","lineno":2,"logger":"py.warnings"}
{"timestamp":"2026-04-14T18:49:46.164325Z","level":"warning","event":"The `airflow.operators.bash.BashOperator` attribute is deprecated. Please use `'airflow.providers.standard.operators.bash.BashOperator'`.","category":"DeprecatedImportWarning","filename":"/opt/airflow/dags/operator_demo.py","lineno":3,"logger":"py.warnings"}
{"timestamp":"2026-04-14T18:50:07.706379Z","level":"warning","event":"Error when trying to pre-import module 'airflow.providers.microsoft.azure.operators.wasb' found in /opt/airflow/dags/operator_demo.py: No module named 'airflow.providers.microsoft.azure.operators.wasb'","logger":"processor"}
{"timestamp":"2026-04-14T18:50:07.740818Z","level":"info","event":"Filling up the DagBag from /opt/airflow/dags/operator_demo.py","logger":"airflow.models.dagbag.DagBag","filename":"dagbag.py","lineno":593}
{"timestamp":"2026-04-14T18:50:07.765923Z","level":"error","event":"Failed to import: /opt/airflow/dags/operator_demo.py","logger":"airflow.models.dagbag.DagBag","filename":"dagbag.py","lineno":415,"error_detail":[{"exc_type":"ModuleNotFoundError","exc_value":"No module named 'airflow.providers.microsoft.azure.operators.wasb'","exc_notes":[],"syntax_error":null,"is_cause":false,"frames":[{"filename":"/home/airflow/.local/lib/python3.12/site-packages/airflow/models/dagbag.py","lineno":405,"name":"parse"},{"filename":"<frozen importlib._bootstrap_external>","lineno":999,"name":"exec_module"},{"filename":"<frozen importlib._bootstrap>","lineno":488,"name":"_call_with_frames_removed"},{"filename":"/opt/airflow/dags/operator_demo.py","lineno":4,"name":"<module>"}],"is_group":false,"exceptions":[]}]}
{"timestamp":"2026-04-14T18:50:07.774000Z","level":"warning","event":"The `airflow.decorators.dag` attribute is deprecated. Please use `'airflow.sdk.dag'`.","category":"DeprecatedImportWarning","filename":"/opt/airflow/dags/operator_demo.py","lineno":2,"logger":"py.warnings"}
{"timestamp":"2026-04-14T18:50:07.774152Z","level":"warning","event":"The `airflow.operators.bash.BashOperator` attribute is deprecated. Please use `'airflow.providers.standard.operators.bash.BashOperator'`.","category":"DeprecatedImportWarning","filename":"/opt/airflow/dags/operator_demo.py","lineno":3,"logger":"py.warnings"}
{"timestamp":"2026-04-14T18:50:07.825515Z","level":"warning","event":"Error when trying to pre-import module 'airflow.providers.microsoft.azure.operators.wasb' found in /opt/airflow/dags/operator_demo.py: No module named 'airflow.providers.microsoft.azure.operators.wasb'","logger":"processor"}
{"timestamp":"2026-04-14T18:50:07.855130Z","level":"info","event":"Filling up the DagBag from /opt/airflow/dags/operator_demo.py","logger":"airflow.models.dagbag.DagBag","filename":"dagbag.py","lineno":593}
{"timestamp":"2026-04-14T18:50:07.888428Z","level":"error","event":"Failed to import: /opt/airflow/dags/operator_demo.py","logger":"airflow.models.dagbag.DagBag","filename":"dagbag.py","lineno":415,"error_detail":[{"exc_type":"ModuleNotFoundError","exc_value":"No module named 'airflow.providers.microsoft.azure.operators.wasb'","exc_notes":[],"syntax_error":null,"is_cause":false,"frames":[{"filename":"/home/airflow/.local/lib/python3.12/site-packages/airflow/models/dagbag.py","lineno":405,"name":"parse"},{"filename":"<frozen importlib._bootstrap_external>","lineno":999,"name":"exec_module"},{"filename":"<frozen importlib._bootstrap>","lineno":488,"name":"_call_with_frames_removed"},{"filename":"/opt/airflow/dags/operator_demo.py","lineno":4,"name":"<module>"}],"is_group":false,"exceptions":[]}]}
{"timestamp":"2026-04-14T18:50:07.893562Z","level":"warning","event":"The `airflow.decorators.dag` attribute is deprecated. Please use `'airflow.sdk.dag'`.","category":"DeprecatedImportWarning","filename":"/opt/airflow/dags/operator_demo.py","lineno":2,"logger":"py.warnings"}
{"timestamp":"2026-04-14T18:50:07.893693Z","level":"warning","event":"The `airflow.operators.bash.BashOperator` attribute is deprecated. Please use `'airflow.providers.standard.operators.bash.BashOperator'`.","category":"DeprecatedImportWarning","filename":"/opt/airflow/dags/operator_demo.py","lineno":3,"logger":"py.warnings"}
{"timestamp":"2026-04-14T18:50:07.957664Z","level":"warning","event":"Error when trying to pre-import module 'airflow.providers.microsoft.azure.operators.wasb' found in /opt/airflow/dags/operator_demo.py: No module named 'airflow.providers.microsoft.azure.operators.wasb'","logger":"processor"}
{"timestamp":"2026-04-14T18:50:07.992044Z","level":"info","event":"Filling up the DagBag from /opt/airflow/dags/operator_demo.py","logger":"airflow.models.dagbag.DagBag","filename":"dagbag.py","lineno":593}
{"timestamp":"2026-04-14T18:50:08.011746Z","level":"error","event":"Failed to import: /opt/airflow/dags/operator_demo.py","logger":"airflow.models.dagbag.DagBag","filename":"dagbag.py","lineno":415,"error_detail":[{"exc_type":"ModuleNotFoundError","exc_value":"No module named 'airflow.providers.microsoft.azure.operators.wasb'","exc_notes":[],"syntax_error":null,"is_cause":false,"frames":[{"filename":"/home/airflow/.local/lib/python3.12/site-packages/airflow/models/dagbag.py","lineno":405,"name":"parse"},{"filename":"<frozen importlib._bootstrap_external>","lineno":999,"name":"exec_module"},{"filename":"<frozen importlib._bootstrap>","lineno":488,"name":"_call_with_frames_removed"},{"filename":"/opt/airflow/dags/operator_demo.py","lineno":4,"name":"<module>"}],"is_group":false,"exceptions":[]}]}
{"timestamp":"2026-04-14T18:50:08.018672Z","level":"warning","event":"The `airflow.decorators.dag` attribute is deprecated. Please use `'airflow.sdk.dag'`.","category":"DeprecatedImportWarning","filename":"/opt/airflow/dags/operator_demo.py","lineno":2,"logger":"py.warnings"}
{"timestamp":"2026-04-14T18:50:08.018876Z","level":"warning","event":"The `airflow.operators.bash.BashOperator` attribute is deprecated. Please use `'airflow.providers.standard.operators.bash.BashOperator'`.","category":"DeprecatedImportWarning","filename":"/opt/airflow/dags/operator_demo.py","lineno":3,"logger":"py.warnings"}
{"timestamp":"2026-04-14T18:50:09.086467Z","level":"warning","event":"Error when trying to pre-import module 'airflow.providers.microsoft.azure.operators.wasb' found in /opt/airflow/dags/operator_demo.py: No module named 'airflow.providers.microsoft.azure.operators.wasb'","logger":"processor"}
{"timestamp":"2026-04-14T18:50:09.128048Z","level":"info","event":"Filling up the DagBag from /opt/airflow/dags/operator_demo.py","logger":"airflow.models.dagbag.DagBag","filename":"dagbag.py","lineno":593}
{"timestamp":"2026-04-14T18:50:09.141056Z","level":"error","event":"Failed to import: /opt/airflow/dags/operator_demo.py","logger":"airflow.models.dagbag.DagBag","filename":"dagbag.py","lineno":415,"error_detail":[{"exc_type":"ModuleNotFoundError","exc_value":"No module named 'airflow.providers.microsoft.azure.operators.wasb'","exc_notes":[],"syntax_error":null,"is_cause":false,"frames":[{"filename":"/home/airflow/.local/lib/python3.12/site-packages/airflow/models/dagbag.py","lineno":405,"name":"parse"},{"filename":"<frozen importlib._bootstrap_external>","lineno":999,"name":"exec_module"},{"filename":"<frozen importlib._bootstrap>","lineno":488,"name":"_call_with_frames_removed"},{"filename":"/opt/airflow/dags/operator_demo.py","lineno":4,"name":"<module>"}],"is_group":false,"exceptions":[]}]}
{"timestamp":"2026-04-14T18:50:09.145474Z","level":"warning","event":"The `airflow.decorators.dag` attribute is deprecated. Please use `'airflow.sdk.dag'`.","category":"DeprecatedImportWarning","filename":"/opt/airflow/dags/operator_demo.py","lineno":2,"logger":"py.warnings"}
{"timestamp":"2026-04-14T18:50:09.145722Z","level":"warning","event":"The `airflow.operators.bash.BashOperator` attribute is deprecated. Please use `'airflow.providers.standard.operators.bash.BashOperator'`.","category":"DeprecatedImportWarning","filename":"/opt/airflow/dags/operator_demo.py","lineno":3,"logger":"py.warnings"}
{"timestamp":"2026-04-14T18:50:40.200044Z","level":"warning","event":"Error when trying to pre-import module 'airflow.providers.microsoft.azure.operators.wasb' found in /opt/airflow/dags/operator_demo.py: No module named 'airflow.providers.microsoft.azure.operators.wasb'","logger":"processor"}
{"timestamp":"2026-04-14T18:50:40.234742Z","level":"info","event":"Filling up the DagBag from /opt/airflow/dags/operator_demo.py","logger":"airflow.models.dagbag.DagBag","filename":"dagbag.py","lineno":593}
{"timestamp":"2026-04-14T18:50:40.260182Z","level":"error","event":"Failed to import: /opt/airflow/dags/operator_demo.py","logger":"airflow.models.dagbag.DagBag","filename":"dagbag.py","lineno":415,"error_detail":[{"exc_type":"ModuleNotFoundError","exc_value":"No module named 'airflow.providers.microsoft.azure.operators.wasb'","exc_notes":[],"syntax_error":null,"is_cause":false,"frames":[{"filename":"/home/airflow/.local/lib/python3.12/site-packages/airflow/models/dagbag.py","lineno":405,"name":"parse"},{"filename":"<frozen importlib._bootstrap_external>","lineno":999,"name":"exec_module"},{"filename":"<frozen importlib._bootstrap>","lineno":488,"name":"_call_with_frames_removed"},{"filename":"/opt/airflow/dags/operator_demo.py","lineno":4,"name":"<module>"}],"is_group":false,"exceptions":[]}]}
{"timestamp":"2026-04-14T18:50:40.268465Z","level":"warning","event":"The `airflow.decorators.dag` attribute is deprecated. Please use `'airflow.sdk.dag'`.","category":"DeprecatedImportWarning","filename":"/opt/airflow/dags/operator_demo.py","lineno":2,"logger":"py.warnings"}
{"timestamp":"2026-04-14T18:50:40.268692Z","level":"warning","event":"The `airflow.operators.bash.BashOperator` attribute is deprecated. Please use `'airflow.providers.standard.operators.bash.BashOperator'`.","category":"DeprecatedImportWarning","filename":"/opt/airflow/dags/operator_demo.py","lineno":3,"logger":"py.warnings"}
{"timestamp":"2026-04-14T18:51:10.407849Z","level":"warning","event":"Error when trying to pre-import module 'airflow.providers.microsoft.azure.operators.wasb' found in /opt/airflow/dags/operator_demo.py: No module named 'airflow.providers.microsoft.azure.operators.wasb'","logger":"processor"}
{"timestamp":"2026-04-14T18:51:10.442227Z","level":"info","event":"Filling up the DagBag from /opt/airflow/dags/operator_demo.py","logger":"airflow.models.dagbag.DagBag","filename":"dagbag.py","lineno":593}
{"timestamp":"2026-04-14T18:51:10.458059Z","level":"error","event":"Failed to import: /opt/airflow/dags/operator_demo.py","logger":"airflow.models.dagbag.DagBag","filename":"dagbag.py","lineno":415,"error_detail":[{"exc_type":"ModuleNotFoundError","exc_value":"No module named 'airflow.providers.microsoft.azure.operators.wasb'","exc_notes":[],"syntax_error":null,"is_cause":false,"frames":[{"filename":"/home/airflow/.local/lib/python3.12/site-packages/airflow/models/dagbag.py","lineno":405,"name":"parse"},{"filename":"<frozen importlib._bootstrap_external>","lineno":999,"name":"exec_module"},{"filename":"<frozen importlib._bootstrap>","lineno":488,"name":"_call_with_frames_removed"},{"filename":"/opt/airflow/dags/operator_demo.py","lineno":4,"name":"<module>"}],"is_group":false,"exceptions":[]}]}
{"timestamp":"2026-04-14T18:51:10.461833Z","level":"warning","event":"The `airflow.decorators.dag` attribute is deprecated. Please use `'airflow.sdk.dag'`.","category":"DeprecatedImportWarning","filename":"/opt/airflow/dags/operator_demo.py","lineno":2,"logger":"py.warnings"}
{"timestamp":"2026-04-14T18:51:10.461974Z","level":"warning","event":"The `airflow.operators.bash.BashOperator` attribute is deprecated. Please use `'airflow.providers.standard.operators.bash.BashOperator'`.","category":"DeprecatedImportWarning","filename":"/opt/airflow/dags/operator_demo.py","lineno":3,"logger":"py.warnings"}
{"timestamp":"2026-04-14T18:51:40.554025Z","level":"warning","event":"Error when trying to pre-import module 'airflow.providers.microsoft.azure.operators.wasb' found in /opt/airflow/dags/operator_demo.py: No module named 'airflow.providers.microsoft.azure.operators.wasb'","logger":"processor"}
{"timestamp":"2026-04-14T18:51:40.587062Z","level":"info","event":"Filling up the DagBag from /opt/airflow/dags/operator_demo.py","logger":"airflow.models.dagbag.DagBag","filename":"dagbag.py","lineno":593}
{"timestamp":"2026-04-14T18:51:40.598593Z","level":"error","event":"Failed to import: /opt/airflow/dags/operator_demo.py","logger":"airflow.models.dagbag.DagBag","filename":"dagbag.py","lineno":415,"error_detail":[{"exc_type":"ModuleNotFoundError","exc_value":"No module named 'airflow.providers.microsoft.azure.operators.wasb'","exc_notes":[],"syntax_error":null,"is_cause":false,"frames":[{"filename":"/home/airflow/.local/lib/python3.12/site-packages/airflow/models/dagbag.py","lineno":405,"name":"parse"},{"filename":"<frozen importlib._bootstrap_external>","lineno":999,"name":"exec_module"},{"filename":"<frozen importlib._bootstrap>","lineno":488,"name":"_call_with_frames_removed"},{"filename":"/opt/airflow/dags/operator_demo.py","lineno":4,"name":"<module>"}],"is_group":false,"exceptions":[]}]}
{"timestamp":"2026-04-14T18:51:40.605110Z","level":"warning","event":"The `airflow.decorators.dag` attribute is deprecated. Please use `'airflow.sdk.dag'`.","category":"DeprecatedImportWarning","filename":"/opt/airflow/dags/operator_demo.py","lineno":2,"logger":"py.warnings"}
{"timestamp":"2026-04-14T18:51:40.605273Z","level":"warning","event":"The `airflow.operators.bash.BashOperator` attribute is deprecated. Please use `'airflow.providers.standard.operators.bash.BashOperator'`.","category":"DeprecatedImportWarning","filename":"/opt/airflow/dags/operator_demo.py","lineno":3,"logger":"py.warnings"}
{"timestamp":"2026-04-14T18:52:10.734259Z","level":"warning","event":"Error when trying to pre-import module 'airflow.providers.microsoft.azure.operators.wasb' found in /opt/airflow/dags/operator_demo.py: No module named 'airflow.providers.microsoft.azure.operators.wasb'","logger":"processor"}
{"timestamp":"2026-04-14T18:52:10.764244Z","level":"info","event":"Filling up the DagBag from /opt/airflow/dags/operator_demo.py","logger":"airflow.models.dagbag.DagBag","filename":"dagbag.py","lineno":593}
{"timestamp":"2026-04-14T18:52:10.793141Z","level":"error","event":"Failed to import: /opt/airflow/dags/operator_demo.py","logger":"airflow.models.dagbag.DagBag","filename":"dagbag.py","lineno":415,"error_detail":[{"exc_type":"ModuleNotFoundError","exc_value":"No module named 'airflow.providers.microsoft.azure.operators.wasb'","exc_notes":[],"syntax_error":null,"is_cause":false,"frames":[{"filename":"/home/airflow/.local/lib/python3.12/site-packages/airflow/models/dagbag.py","lineno":405,"name":"parse"},{"filename":"<frozen importlib._bootstrap_external>","lineno":999,"name":"exec_module"},{"filename":"<frozen importlib._bootstrap>","lineno":488,"name":"_call_with_frames_removed"},{"filename":"/opt/airflow/dags/operator_demo.py","lineno":4,"name":"<module>"}],"is_group":false,"exceptions":[]}]}
{"timestamp":"2026-04-14T18:52:10.801516Z","level":"warning","event":"The `airflow.decorators.dag` attribute is deprecated. Please use `'airflow.sdk.dag'`.","category":"DeprecatedImportWarning","filename":"/opt/airflow/dags/operator_demo.py","lineno":2,"logger":"py.warnings"}
{"timestamp":"2026-04-14T18:52:10.801644Z","level":"warning","event":"The `airflow.operators.bash.BashOperator` attribute is deprecated. Please use `'airflow.providers.standard.operators.bash.BashOperator'`.","category":"DeprecatedImportWarning","filename":"/opt/airflow/dags/operator_demo.py","lineno":3,"logger":"py.warnings"}
{"timestamp":"2026-04-14T18:52:41.119784Z","level":"warning","event":"Error when trying to pre-import module 'airflow.providers.microsoft.azure.operators.wasb' found in /opt/airflow/dags/operator_demo.py: No module named 'airflow.providers.microsoft.azure.operators.wasb'","logger":"processor"}
{"timestamp":"2026-04-14T18:52:41.162148Z","level":"info","event":"Filling up the DagBag from /opt/airflow/dags/operator_demo.py","logger":"airflow.models.dagbag.DagBag","filename":"dagbag.py","lineno":593}
{"timestamp":"2026-04-14T18:52:41.180832Z","level":"error","event":"Failed to import: /opt/airflow/dags/operator_demo.py","logger":"airflow.models.dagbag.DagBag","filename":"dagbag.py","lineno":415,"error_detail":[{"exc_type":"ModuleNotFoundError","exc_value":"No module named 'airflow.providers.microsoft.azure.operators.wasb'","exc_notes":[],"syntax_error":null,"is_cause":false,"frames":[{"filename":"/home/airflow/.local/lib/python3.12/site-packages/airflow/models/dagbag.py","lineno":405,"name":"parse"},{"filename":"<frozen importlib._bootstrap_external>","lineno":999,"name":"exec_module"},{"filename":"<frozen importlib._bootstrap>","lineno":488,"name":"_call_with_frames_removed"},{"filename":"/opt/airflow/dags/operator_demo.py","lineno":4,"name":"<module>"}],"is_group":false,"exceptions":[]}]}
{"timestamp":"2026-04-14T18:52:41.189025Z","level":"warning","event":"The `airflow.decorators.dag` attribute is deprecated. Please use `'airflow.sdk.dag'`.","category":"DeprecatedImportWarning","filename":"/opt/airflow/dags/operator_demo.py","lineno":2,"logger":"py.warnings"}
{"timestamp":"2026-04-14T18:52:41.189232Z","level":"warning","event":"The `airflow.operators.bash.BashOperator` attribute is deprecated. Please use `'airflow.providers.standard.operators.bash.BashOperator'`.","category":"DeprecatedImportWarning","filename":"/opt/airflow/dags/operator_demo.py","lineno":3,"logger":"py.warnings"}
{"timestamp":"2026-04-14T18:53:11.433822Z","level":"warning","event":"Error when trying to pre-import module 'airflow.providers.microsoft.azure.operators.wasb' found in /opt/airflow/dags/operator_demo.py: No module named 'airflow.providers.microsoft.azure.operators.wasb'","logger":"processor"}
{"timestamp":"2026-04-14T18:53:11.466845Z","level":"info","event":"Filling up the DagBag from /opt/airflow/dags/operator_demo.py","logger":"airflow.models.dagbag.DagBag","filename":"dagbag.py","lineno":593}
{"timestamp":"2026-04-14T18:53:11.492212Z","level":"error","event":"Failed to import: /opt/airflow/dags/operator_demo.py","logger":"airflow.models.dagbag.DagBag","filename":"dagbag.py","lineno":415,"error_detail":[{"exc_type":"ModuleNotFoundError","exc_value":"No module named 'airflow.providers.microsoft.azure.operators.wasb'","exc_notes":[],"syntax_error":null,"is_cause":false,"frames":[{"filename":"/home/airflow/.local/lib/python3.12/site-packages/airflow/models/dagbag.py","lineno":405,"name":"parse"},{"filename":"<frozen importlib._bootstrap_external>","lineno":999,"name":"exec_module"},{"filename":"<frozen importlib._bootstrap>","lineno":488,"name":"_call_with_frames_removed"},{"filename":"/opt/airflow/dags/operator_demo.py","lineno":4,"name":"<module>"}],"is_group":false,"exceptions":[]}]}
{"timestamp":"2026-04-14T18:53:11.498308Z","level":"warning","event":"The `airflow.decorators.dag` attribute is deprecated. Please use `'airflow.sdk.dag'`.","category":"DeprecatedImportWarning","filename":"/opt/airflow/dags/operator_demo.py","lineno":2,"logger":"py.warnings"}
{"timestamp":"2026-04-14T18:53:11.498446Z","level":"warning","event":"The `airflow.operators.bash.BashOperator` attribute is deprecated. Please use `'airflow.providers.standard.operators.bash.BashOperator'`.","category":"DeprecatedImportWarning","filename":"/opt/airflow/dags/operator_demo.py","lineno":3,"logger":"py.warnings"}
{"timestamp":"2026-04-14T18:53:41.999529Z","level":"warning","event":"Error when trying to pre-import module 'airflow.providers.microsoft.azure.operators.wasb' found in /opt/airflow/dags/operator_demo.py: No module named 'airflow.providers.microsoft.azure.operators.wasb'","logger":"processor"}
{"timestamp":"2026-04-14T18:53:42.032757Z","level":"info","event":"Filling up the DagBag from /opt/airflow/dags/operator_demo.py","logger":"airflow.models.dagbag.DagBag","filename":"dagbag.py","lineno":593}
{"timestamp":"2026-04-14T18:53:42.049136Z","level":"error","event":"Failed to import: /opt/airflow/dags/operator_demo.py","logger":"airflow.models.dagbag.DagBag","filename":"dagbag.py","lineno":415,"error_detail":[{"exc_type":"ModuleNotFoundError","exc_value":"No module named 'airflow.providers.microsoft.azure.operators.wasb'","exc_notes":[],"syntax_error":null,"is_cause":false,"frames":[{"filename":"/home/airflow/.local/lib/python3.12/site-packages/airflow/models/dagbag.py","lineno":405,"name":"parse"},{"filename":"<frozen importlib._bootstrap_external>","lineno":999,"name":"exec_module"},{"filename":"<frozen importlib._bootstrap>","lineno":488,"name":"_call_with_frames_removed"},{"filename":"/opt/airflow/dags/operator_demo.py","lineno":4,"name":"<module>"}],"is_group":false,"exceptions":[]}]}
{"timestamp":"2026-04-14T18:53:42.054145Z","level":"warning","event":"The `airflow.decorators.dag` attribute is deprecated. Please use `'airflow.sdk.dag'`.","category":"DeprecatedImportWarning","filename":"/opt/airflow/dags/operator_demo.py","lineno":2,"logger":"py.warnings"}
{"timestamp":"2026-04-14T18:53:42.054285Z","level":"warning","event":"The `airflow.operators.bash.BashOperator` attribute is deprecated. Please use `'airflow.providers.standard.operators.bash.BashOperator'`.","category":"DeprecatedImportWarning","filename":"/opt/airflow/dags/operator_demo.py","lineno":3,"logger":"py.warnings"}
{"timestamp":"2026-04-14T18:54:12.334709Z","level":"warning","event":"Error when trying to pre-import module 'airflow.providers.microsoft.azure.operators.wasb' found in /opt/airflow/dags/operator_demo.py: No module named 'airflow.providers.microsoft.azure.operators.wasb'","logger":"processor"}
{"timestamp":"2026-04-14T18:54:12.365991Z","level":"info","event":"Filling up the DagBag from /opt/airflow/dags/operator_demo.py","logger":"airflow.models.dagbag.DagBag","filename":"dagbag.py","lineno":593}
{"timestamp":"2026-04-14T18:54:12.388919Z","level":"error","event":"Failed to import: /opt/airflow/dags/operator_demo.py","logger":"airflow.models.dagbag.DagBag","filename":"dagbag.py","lineno":415,"error_detail":[{"exc_type":"ModuleNotFoundError","exc_value":"No module named 'airflow.providers.microsoft.azure.operators.wasb'","exc_notes":[],"syntax_error":null,"is_cause":false,"frames":[{"filename":"/home/airflow/.local/lib/python3.12/site-packages/airflow/models/dagbag.py","lineno":405,"name":"parse"},{"filename":"<frozen importlib._bootstrap_external>","lineno":999,"name":"exec_module"},{"filename":"<frozen importlib._bootstrap>","lineno":488,"name":"_call_with_frames_removed"},{"filename":"/opt/airflow/dags/operator_demo.py","lineno":4,"name":"<module>"}],"is_group":false,"exceptions":[]}]}
{"timestamp":"2026-04-14T18:54:12.395182Z","level":"warning","event":"The `airflow.decorators.dag` attribute is deprecated. Please use `'airflow.sdk.dag'`.","category":"DeprecatedImportWarning","filename":"/opt/airflow/dags/operator_demo.py","lineno":2,"logger":"py.warnings"}
{"timestamp":"2026-04-14T18:54:12.395320Z","level":"warning","event":"The `airflow.operators.bash.BashOperator` attribute is deprecated. Please use `'airflow.providers.standard.operators.bash.BashOperator'`.","category":"DeprecatedImportWarning","filename":"/opt/airflow/dags/operator_demo.py","lineno":3,"logger":"py.warnings"}
{"timestamp":"2026-04-14T18:54:42.625065Z","level":"warning","event":"Error when trying to pre-import module 'airflow.providers.microsoft.azure.operators.wasb' found in /opt/airflow/dags/operator_demo.py: No module named 'airflow.providers.microsoft.azure.operators.wasb'","logger":"processor"}
{"timestamp":"2026-04-14T18:54:42.662203Z","level":"info","event":"Filling up the DagBag from /opt/airflow/dags/operator_demo.py","logger":"airflow.models.dagbag.DagBag","filename":"dagbag.py","lineno":593}
{"timestamp":"2026-04-14T18:54:42.676674Z","level":"error","event":"Failed to import: /opt/airflow/dags/operator_demo.py","logger":"airflow.models.dagbag.DagBag","filename":"dagbag.py","lineno":415,"error_detail":[{"exc_type":"ModuleNotFoundError","exc_value":"No module named 'airflow.providers.microsoft.azure.operators.wasb'","exc_notes":[],"syntax_error":null,"is_cause":false,"frames":[{"filename":"/home/airflow/.local/lib/python3.12/site-packages/airflow/models/dagbag.py","lineno":405,"name":"parse"},{"filename":"<frozen importlib._bootstrap_external>","lineno":999,"name":"exec_module"},{"filename":"<frozen importlib._bootstrap>","lineno":488,"name":"_call_with_frames_removed"},{"filename":"/opt/airflow/dags/operator_demo.py","lineno":4,"name":"<module>"}],"is_group":false,"exceptions":[]}]}
{"timestamp":"2026-04-14T18:54:42.681268Z","level":"warning","event":"The `airflow.decorators.dag` attribute is deprecated. Please use `'airflow.sdk.dag'`.","category":"DeprecatedImportWarning","filename":"/opt/airflow/dags/operator_demo.py","lineno":2,"logger":"py.warnings"}
{"timestamp":"2026-04-14T18:54:42.681464Z","level":"warning","event":"The `airflow.operators.bash.BashOperator` attribute is deprecated. Please use `'airflow.providers.standard.operators.bash.BashOperator'`.","category":"DeprecatedImportWarning","filename":"/opt/airflow/dags/operator_demo.py","lineno":3,"logger":"py.warnings"}
{"timestamp":"2026-04-14T18:55:06.627321Z","level":"info","event":"Filling up the DagBag from /opt/airflow/dags/operator_demo.py","logger":"airflow.models.dagbag.DagBag","filename":"dagbag.py","lineno":593}
{"timestamp":"2026-04-14T18:55:06.671454Z","level":"error","event":"Failed to import: /opt/airflow/dags/operator_demo.py","logger":"airflow.models.dagbag.DagBag","filename":"dagbag.py","lineno":415,"error_detail":[{"exc_type":"FileNotFoundError","exc_value":"[Errno 2] No such file or directory: '/local/path/file.csv'","exc_notes":[],"syntax_error":null,"is_cause":false,"frames":[{"filename":"/home/airflow/.local/lib/python3.12/site-packages/airflow/models/dagbag.py","lineno":405,"name":"parse"},{"filename":"<frozen importlib._bootstrap_external>","lineno":999,"name":"exec_module"},{"filename":"<frozen importlib._bootstrap>","lineno":488,"name":"_call_with_frames_removed"},{"filename":"/opt/airflow/dags/operator_demo.py","lineno":29,"name":"<module>"},{"filename":"/opt/airflow/dags/operator_demo.py","lineno":21,"name":"upload_to_adls"},{"filename":"/home/airflow/.local/lib/python3.12/site-packages/airflow/providers/microsoft/azure/hooks/wasb.py","lineno":359,"name":"load_file"}],"is_group":false,"exceptions":[]}]}
{"timestamp":"2026-04-14T18:55:06.676877Z","level":"warning","event":"The `airflow.decorators.dag` attribute is deprecated. Please use `'airflow.sdk.dag'`.","category":"DeprecatedImportWarning","filename":"/opt/airflow/dags/operator_demo.py","lineno":2,"logger":"py.warnings"}
{"timestamp":"2026-04-14T18:55:06.677020Z","level":"warning","event":"The `airflow.operators.bash.BashOperator` attribute is deprecated. Please use `'airflow.providers.standard.operators.bash.BashOperator'`.","category":"DeprecatedImportWarning","filename":"/opt/airflow/dags/operator_demo.py","lineno":3,"logger":"py.warnings"}
{"timestamp":"2026-04-14T18:55:36.762451Z","level":"info","event":"Filling up the DagBag from /opt/airflow/dags/operator_demo.py","logger":"airflow.models.dagbag.DagBag","filename":"dagbag.py","lineno":593}
{"timestamp":"2026-04-14T18:55:36.780500Z","level":"error","event":"Failed to import: /opt/airflow/dags/operator_demo.py","logger":"airflow.models.dagbag.DagBag","filename":"dagbag.py","lineno":415,"error_detail":[{"exc_type":"FileNotFoundError","exc_value":"[Errno 2] No such file or directory: '/local/path/file.csv'","exc_notes":[],"syntax_error":null,"is_cause":false,"frames":[{"filename":"/home/airflow/.local/lib/python3.12/site-packages/airflow/models/dagbag.py","lineno":405,"name":"parse"},{"filename":"<frozen importlib._bootstrap_external>","lineno":999,"name":"exec_module"},{"filename":"<frozen importlib._bootstrap>","lineno":488,"name":"_call_with_frames_removed"},{"filename":"/opt/airflow/dags/operator_demo.py","lineno":29,"name":"<module>"},{"filename":"/opt/airflow/dags/operator_demo.py","lineno":21,"name":"upload_to_adls"},{"filename":"/home/airflow/.local/lib/python3.12/site-packages/airflow/providers/microsoft/azure/hooks/wasb.py","lineno":359,"name":"load_file"}],"is_group":false,"exceptions":[]}]}
{"timestamp":"2026-04-14T18:55:36.785036Z","level":"warning","event":"The `airflow.decorators.dag` attribute is deprecated. Please use `'airflow.sdk.dag'`.","category":"DeprecatedImportWarning","filename":"/opt/airflow/dags/operator_demo.py","lineno":2,"logger":"py.warnings"}
{"timestamp":"2026-04-14T18:55:36.785170Z","level":"warning","event":"The `airflow.operators.bash.BashOperator` attribute is deprecated. Please use `'airflow.providers.standard.operators.bash.BashOperator'`.","category":"DeprecatedImportWarning","filename":"/opt/airflow/dags/operator_demo.py","lineno":3,"logger":"py.warnings"}
{"timestamp":"2026-04-14T18:55:55.403564Z","level":"info","event":"Filling up the DagBag from /opt/airflow/dags/operator_demo.py","logger":"airflow.models.dagbag.DagBag","filename":"dagbag.py","lineno":593}
{"timestamp":"2026-04-14T18:55:55.437160Z","level":"error","event":"Failed to import: /opt/airflow/dags/operator_demo.py","logger":"airflow.models.dagbag.DagBag","filename":"dagbag.py","lineno":415,"error_detail":[{"exc_type":"FileNotFoundError","exc_value":"[Errno 2] No such file or directory: 'flight-time.csv'","exc_notes":[],"syntax_error":null,"is_cause":false,"frames":[{"filename":"/home/airflow/.local/lib/python3.12/site-packages/airflow/models/dagbag.py","lineno":405,"name":"parse"},{"filename":"<frozen importlib._bootstrap_external>","lineno":999,"name":"exec_module"},{"filename":"<frozen importlib._bootstrap>","lineno":488,"name":"_call_with_frames_removed"},{"filename":"/opt/airflow/dags/operator_demo.py","lineno":29,"name":"<module>"},{"filename":"/opt/airflow/dags/operator_demo.py","lineno":21,"name":"upload_to_adls"},{"filename":"/home/airflow/.local/lib/python3.12/site-packages/airflow/providers/microsoft/azure/hooks/wasb.py","lineno":359,"name":"load_file"}],"is_group":false,"exceptions":[]}]}
{"timestamp":"2026-04-14T18:55:55.442479Z","level":"warning","event":"The `airflow.decorators.dag` attribute is deprecated. Please use `'airflow.sdk.dag'`.","category":"DeprecatedImportWarning","filename":"/opt/airflow/dags/operator_demo.py","lineno":2,"logger":"py.warnings"}
{"timestamp":"2026-04-14T18:55:55.442675Z","level":"warning","event":"The `airflow.operators.bash.BashOperator` attribute is deprecated. Please use `'airflow.providers.standard.operators.bash.BashOperator'`.","category":"DeprecatedImportWarning","filename":"/opt/airflow/dags/operator_demo.py","lineno":3,"logger":"py.warnings"}
{"timestamp":"2026-04-14T18:55:55.709660Z","level":"info","event":"Filling up the DagBag from /opt/airflow/dags/operator_demo.py","logger":"airflow.models.dagbag.DagBag","filename":"dagbag.py","lineno":593}
{"timestamp":"2026-04-14T18:55:55.726347Z","level":"error","event":"Failed to import: /opt/airflow/dags/operator_demo.py","logger":"airflow.models.dagbag.DagBag","filename":"dagbag.py","lineno":415,"error_detail":[{"exc_type":"FileNotFoundError","exc_value":"[Errno 2] No such file or directory: 'flight-time.csv'","exc_notes":[],"syntax_error":null,"is_cause":false,"frames":[{"filename":"/home/airflow/.local/lib/python3.12/site-packages/airflow/models/dagbag.py","lineno":405,"name":"parse"},{"filename":"<frozen importlib._bootstrap_external>","lineno":999,"name":"exec_module"},{"filename":"<frozen importlib._bootstrap>","lineno":488,"name":"_call_with_frames_removed"},{"filename":"/opt/airflow/dags/operator_demo.py","lineno":29,"name":"<module>"},{"filename":"/opt/airflow/dags/operator_demo.py","lineno":21,"name":"upload_to_adls"},{"filename":"/home/airflow/.local/lib/python3.12/site-packages/airflow/providers/microsoft/azure/hooks/wasb.py","lineno":359,"name":"load_file"}],"is_group":false,"exceptions":[]}]}
{"timestamp":"2026-04-14T18:55:55.730339Z","level":"warning","event":"The `airflow.decorators.dag` attribute is deprecated. Please use `'airflow.sdk.dag'`.","category":"DeprecatedImportWarning","filename":"/opt/airflow/dags/operator_demo.py","lineno":2,"logger":"py.warnings"}
{"timestamp":"2026-04-14T18:55:55.730478Z","level":"warning","event":"The `airflow.operators.bash.BashOperator` attribute is deprecated. Please use `'airflow.providers.standard.operators.bash.BashOperator'`.","category":"DeprecatedImportWarning","filename":"/opt/airflow/dags/operator_demo.py","lineno":3,"logger":"py.warnings"}
{"timestamp":"2026-04-14T18:56:25.906965Z","level":"info","event":"Filling up the DagBag from /opt/airflow/dags/operator_demo.py","logger":"airflow.models.dagbag.DagBag","filename":"dagbag.py","lineno":593}
{"timestamp":"2026-04-14T18:56:25.926302Z","level":"error","event":"Failed to import: /opt/airflow/dags/operator_demo.py","logger":"airflow.models.dagbag.DagBag","filename":"dagbag.py","lineno":415,"error_detail":[{"exc_type":"FileNotFoundError","exc_value":"[Errno 2] No such file or directory: 'flight-time.csv'","exc_notes":[],"syntax_error":null,"is_cause":false,"frames":[{"filename":"/home/airflow/.local/lib/python3.12/site-packages/airflow/models/dagbag.py","lineno":405,"name":"parse"},{"filename":"<frozen importlib._bootstrap_external>","lineno":999,"name":"exec_module"},{"filename":"<frozen importlib._bootstrap>","lineno":488,"name":"_call_with_frames_removed"},{"filename":"/opt/airflow/dags/operator_demo.py","lineno":29,"name":"<module>"},{"filename":"/opt/airflow/dags/operator_demo.py","lineno":21,"name":"upload_to_adls"},{"filename":"/home/airflow/.local/lib/python3.12/site-packages/airflow/providers/microsoft/azure/hooks/wasb.py","lineno":359,"name":"load_file"}],"is_group":false,"exceptions":[]}]}
{"timestamp":"2026-04-14T18:56:25.930938Z","level":"warning","event":"The `airflow.decorators.dag` attribute is deprecated. Please use `'airflow.sdk.dag'`.","category":"DeprecatedImportWarning","filename":"/opt/airflow/dags/operator_demo.py","lineno":2,"logger":"py.warnings"}
{"timestamp":"2026-04-14T18:56:25.931077Z","level":"warning","event":"The `airflow.operators.bash.BashOperator` attribute is deprecated. Please use `'airflow.providers.standard.operators.bash.BashOperator'`.","category":"DeprecatedImportWarning","filename":"/opt/airflow/dags/operator_demo.py","lineno":3,"logger":"py.warnings"}
{"timestamp":"2026-04-14T18:56:47.896453Z","level":"info","event":"Filling up the DagBag from /opt/airflow/dags/operator_demo.py","logger":"airflow.models.dagbag.DagBag","filename":"dagbag.py","lineno":593}
{"timestamp":"2026-04-14T18:56:47.933804Z","level":"error","event":"Failed to import: /opt/airflow/dags/operator_demo.py","logger":"airflow.models.dagbag.DagBag","filename":"dagbag.py","lineno":415,"error_detail":[{"exc_type":"FileNotFoundError","exc_value":"[Errno 2] No such file or directory: '/airflow-docker/flight-time.csv'","exc_notes":[],"syntax_error":null,"is_cause":false,"frames":[{"filename":"/home/airflow/.local/lib/python3.12/site-packages/airflow/models/dagbag.py","lineno":405,"name":"parse"},{"filename":"<frozen importlib._bootstrap_external>","lineno":999,"name":"exec_module"},{"filename":"<frozen importlib._bootstrap>","lineno":488,"name":"_call_with_frames_removed"},{"filename":"/opt/airflow/dags/operator_demo.py","lineno":29,"name":"<module>"},{"filename":"/opt/airflow/dags/operator_demo.py","lineno":21,"name":"upload_to_adls"},{"filename":"/home/airflow/.local/lib/python3.12/site-packages/airflow/providers/microsoft/azure/hooks/wasb.py","lineno":359,"name":"load_file"}],"is_group":false,"exceptions":[]}]}
{"timestamp":"2026-04-14T18:56:47.939970Z","level":"warning","event":"The `airflow.decorators.dag` attribute is deprecated. Please use `'airflow.sdk.dag'`.","category":"DeprecatedImportWarning","filename":"/opt/airflow/dags/operator_demo.py","lineno":2,"logger":"py.warnings"}
{"timestamp":"2026-04-14T18:56:47.940111Z","level":"warning","event":"The `airflow.operators.bash.BashOperator` attribute is deprecated. Please use `'airflow.providers.standard.operators.bash.BashOperator'`.","category":"DeprecatedImportWarning","filename":"/opt/airflow/dags/operator_demo.py","lineno":3,"logger":"py.warnings"}
{"timestamp":"2026-04-14T18:56:48.049993Z","level":"info","event":"Filling up the DagBag from /opt/airflow/dags/operator_demo.py","logger":"airflow.models.dagbag.DagBag","filename":"dagbag.py","lineno":593}
{"timestamp":"2026-04-14T18:56:48.076943Z","level":"error","event":"Failed to import: /opt/airflow/dags/operator_demo.py","logger":"airflow.models.dagbag.DagBag","filename":"dagbag.py","lineno":415,"error_detail":[{"exc_type":"FileNotFoundError","exc_value":"[Errno 2] No such file or directory: '/airflow-docker/flight-time.csv'","exc_notes":[],"syntax_error":null,"is_cause":false,"frames":[{"filename":"/home/airflow/.local/lib/python3.12/site-packages/airflow/models/dagbag.py","lineno":405,"name":"parse"},{"filename":"<frozen importlib._bootstrap_external>","lineno":999,"name":"exec_module"},{"filename":"<frozen importlib._bootstrap>","lineno":488,"name":"_call_with_frames_removed"},{"filename":"/opt/airflow/dags/operator_demo.py","lineno":29,"name":"<module>"},{"filename":"/opt/airflow/dags/operator_demo.py","lineno":21,"name":"upload_to_adls"},{"filename":"/home/airflow/.local/lib/python3.12/site-packages/airflow/providers/microsoft/azure/hooks/wasb.py","lineno":359,"name":"load_file"}],"is_group":false,"exceptions":[]}]}
{"timestamp":"2026-04-14T18:56:48.081923Z","level":"warning","event":"The `airflow.decorators.dag` attribute is deprecated. Please use `'airflow.sdk.dag'`.","category":"DeprecatedImportWarning","filename":"/opt/airflow/dags/operator_demo.py","lineno":2,"logger":"py.warnings"}
{"timestamp":"2026-04-14T18:56:48.082098Z","level":"warning","event":"The `airflow.operators.bash.BashOperator` attribute is deprecated. Please use `'airflow.providers.standard.operators.bash.BashOperator'`.","category":"DeprecatedImportWarning","filename":"/opt/airflow/dags/operator_demo.py","lineno":3,"logger":"py.warnings"}
{"timestamp":"2026-04-14T18:56:48.205916Z","level":"info","event":"Filling up the DagBag from /opt/airflow/dags/operator_demo.py","logger":"airflow.models.dagbag.DagBag","filename":"dagbag.py","lineno":593}
{"timestamp":"2026-04-14T18:56:48.221685Z","level":"error","event":"Failed to import: /opt/airflow/dags/operator_demo.py","logger":"airflow.models.dagbag.DagBag","filename":"dagbag.py","lineno":415,"error_detail":[{"exc_type":"FileNotFoundError","exc_value":"[Errno 2] No such file or directory: '/airflow-docker/flight-time.csv'","exc_notes":[],"syntax_error":null,"is_cause":false,"frames":[{"filename":"/home/airflow/.local/lib/python3.12/site-packages/airflow/models/dagbag.py","lineno":405,"name":"parse"},{"filename":"<frozen importlib._bootstrap_external>","lineno":999,"name":"exec_module"},{"filename":"<frozen importlib._bootstrap>","lineno":488,"name":"_call_with_frames_removed"},{"filename":"/opt/airflow/dags/operator_demo.py","lineno":29,"name":"<module>"},{"filename":"/opt/airflow/dags/operator_demo.py","lineno":21,"name":"upload_to_adls"},{"filename":"/home/airflow/.local/lib/python3.12/site-packages/airflow/providers/microsoft/azure/hooks/wasb.py","lineno":359,"name":"load_file"}],"is_group":false,"exceptions":[]}]}
{"timestamp":"2026-04-14T18:56:48.234621Z","level":"warning","event":"The `airflow.decorators.dag` attribute is deprecated. Please use `'airflow.sdk.dag'`.","category":"DeprecatedImportWarning","filename":"/opt/airflow/dags/operator_demo.py","lineno":2,"logger":"py.warnings"}
{"timestamp":"2026-04-14T18:56:48.234841Z","level":"warning","event":"The `airflow.operators.bash.BashOperator` attribute is deprecated. Please use `'airflow.providers.standard.operators.bash.BashOperator'`.","category":"DeprecatedImportWarning","filename":"/opt/airflow/dags/operator_demo.py","lineno":3,"logger":"py.warnings"}
{"timestamp":"2026-04-14T18:56:48.520137Z","level":"info","event":"Filling up the DagBag from /opt/airflow/dags/operator_demo.py","logger":"airflow.models.dagbag.DagBag","filename":"dagbag.py","lineno":593}
{"timestamp":"2026-04-14T18:56:48.545729Z","level":"error","event":"Failed to import: /opt/airflow/dags/operator_demo.py","logger":"airflow.models.dagbag.DagBag","filename":"dagbag.py","lineno":415,"error_detail":[{"exc_type":"FileNotFoundError","exc_value":"[Errno 2] No such file or directory: '/airflow-docker/flight-time.csv'","exc_notes":[],"syntax_error":null,"is_cause":false,"frames":[{"filename":"/home/airflow/.local/lib/python3.12/site-packages/airflow/models/dagbag.py","lineno":405,"name":"parse"},{"filename":"<frozen importlib._bootstrap_external>","lineno":999,"name":"exec_module"},{"filename":"<frozen importlib._bootstrap>","lineno":488,"name":"_call_with_frames_removed"},{"filename":"/opt/airflow/dags/operator_demo.py","lineno":29,"name":"<module>"},{"filename":"/opt/airflow/dags/operator_demo.py","lineno":21,"name":"upload_to_adls"},{"filename":"/home/airflow/.local/lib/python3.12/site-packages/airflow/providers/microsoft/azure/hooks/wasb.py","lineno":359,"name":"load_file"}],"is_group":false,"exceptions":[]}]}
{"timestamp":"2026-04-14T18:56:48.551972Z","level":"warning","event":"The `airflow.decorators.dag` attribute is deprecated. Please use `'airflow.sdk.dag'`.","category":"DeprecatedImportWarning","filename":"/opt/airflow/dags/operator_demo.py","lineno":2,"logger":"py.warnings"}
{"timestamp":"2026-04-14T18:56:48.552112Z","level":"warning","event":"The `airflow.operators.bash.BashOperator` attribute is deprecated. Please use `'airflow.providers.standard.operators.bash.BashOperator'`.","category":"DeprecatedImportWarning","filename":"/opt/airflow/dags/operator_demo.py","lineno":3,"logger":"py.warnings"}
{"timestamp":"2026-04-14T18:56:48.773218Z","level":"info","event":"Filling up the DagBag from /opt/airflow/dags/operator_demo.py","logger":"airflow.models.dagbag.DagBag","filename":"dagbag.py","lineno":593}
{"timestamp":"2026-04-14T18:56:48.795414Z","level":"error","event":"Failed to import: /opt/airflow/dags/operator_demo.py","logger":"airflow.models.dagbag.DagBag","filename":"dagbag.py","lineno":415,"error_detail":[{"exc_type":"FileNotFoundError","exc_value":"[Errno 2] No such file or directory: '/airflow-docker/flight-time.csv'","exc_notes":[],"syntax_error":null,"is_cause":false,"frames":[{"filename":"/home/airflow/.local/lib/python3.12/site-packages/airflow/models/dagbag.py","lineno":405,"name":"parse"},{"filename":"<frozen importlib._bootstrap_external>","lineno":999,"name":"exec_module"},{"filename":"<frozen importlib._bootstrap>","lineno":488,"name":"_call_with_frames_removed"},{"filename":"/opt/airflow/dags/operator_demo.py","lineno":29,"name":"<module>"},{"filename":"/opt/airflow/dags/operator_demo.py","lineno":21,"name":"upload_to_adls"},{"filename":"/home/airflow/.local/lib/python3.12/site-packages/airflow/providers/microsoft/azure/hooks/wasb.py","lineno":359,"name":"load_file"}],"is_group":false,"exceptions":[]}]}
{"timestamp":"2026-04-14T18:56:48.801429Z","level":"warning","event":"The `airflow.decorators.dag` attribute is deprecated. Please use `'airflow.sdk.dag'`.","category":"DeprecatedImportWarning","filename":"/opt/airflow/dags/operator_demo.py","lineno":2,"logger":"py.warnings"}
{"timestamp":"2026-04-14T18:56:48.801622Z","level":"warning","event":"The `airflow.operators.bash.BashOperator` attribute is deprecated. Please use `'airflow.providers.standard.operators.bash.BashOperator'`.","category":"DeprecatedImportWarning","filename":"/opt/airflow/dags/operator_demo.py","lineno":3,"logger":"py.warnings"}
{"timestamp":"2026-04-14T18:56:48.901862Z","level":"info","event":"Filling up the DagBag from /opt/airflow/dags/operator_demo.py","logger":"airflow.models.dagbag.DagBag","filename":"dagbag.py","lineno":593}
{"timestamp":"2026-04-14T18:56:48.931204Z","level":"error","event":"Failed to import: /opt/airflow/dags/operator_demo.py","logger":"airflow.models.dagbag.DagBag","filename":"dagbag.py","lineno":415,"error_detail":[{"exc_type":"FileNotFoundError","exc_value":"[Errno 2] No such file or directory: '/airflow-docker/flight-time.csv'","exc_notes":[],"syntax_error":null,"is_cause":false,"frames":[{"filename":"/home/airflow/.local/lib/python3.12/site-packages/airflow/models/dagbag.py","lineno":405,"name":"parse"},{"filename":"<frozen importlib._bootstrap_external>","lineno":999,"name":"exec_module"},{"filename":"<frozen importlib._bootstrap>","lineno":488,"name":"_call_with_frames_removed"},{"filename":"/opt/airflow/dags/operator_demo.py","lineno":29,"name":"<module>"},{"filename":"/opt/airflow/dags/operator_demo.py","lineno":21,"name":"upload_to_adls"},{"filename":"/home/airflow/.local/lib/python3.12/site-packages/airflow/providers/microsoft/azure/hooks/wasb.py","lineno":359,"name":"load_file"}],"is_group":false,"exceptions":[]}]}
{"timestamp":"2026-04-14T18:56:48.937664Z","level":"warning","event":"The `airflow.decorators.dag` attribute is deprecated. Please use `'airflow.sdk.dag'`.","category":"DeprecatedImportWarning","filename":"/opt/airflow/dags/operator_demo.py","lineno":2,"logger":"py.warnings"}
{"timestamp":"2026-04-14T18:56:48.937815Z","level":"warning","event":"The `airflow.operators.bash.BashOperator` attribute is deprecated. Please use `'airflow.providers.standard.operators.bash.BashOperator'`.","category":"DeprecatedImportWarning","filename":"/opt/airflow/dags/operator_demo.py","lineno":3,"logger":"py.warnings"}
{"timestamp":"2026-04-14T18:56:49.075978Z","level":"info","event":"Filling up the DagBag from /opt/airflow/dags/operator_demo.py","logger":"airflow.models.dagbag.DagBag","filename":"dagbag.py","lineno":593}
{"timestamp":"2026-04-14T18:56:49.105197Z","level":"error","event":"Failed to import: /opt/airflow/dags/operator_demo.py","logger":"airflow.models.dagbag.DagBag","filename":"dagbag.py","lineno":415,"error_detail":[{"exc_type":"FileNotFoundError","exc_value":"[Errno 2] No such file or directory: '/airflow-docker/flight-time.csv'","exc_notes":[],"syntax_error":null,"is_cause":false,"frames":[{"filename":"/home/airflow/.local/lib/python3.12/site-packages/airflow/models/dagbag.py","lineno":405,"name":"parse"},{"filename":"<frozen importlib._bootstrap_external>","lineno":999,"name":"exec_module"},{"filename":"<frozen importlib._bootstrap>","lineno":488,"name":"_call_with_frames_removed"},{"filename":"/opt/airflow/dags/operator_demo.py","lineno":29,"name":"<module>"},{"filename":"/opt/airflow/dags/operator_demo.py","lineno":21,"name":"upload_to_adls"},{"filename":"/home/airflow/.local/lib/python3.12/site-packages/airflow/providers/microsoft/azure/hooks/wasb.py","lineno":359,"name":"load_file"}],"is_group":false,"exceptions":[]}]}
{"timestamp":"2026-04-14T18:56:49.113020Z","level":"warning","event":"The `airflow.decorators.dag` attribute is deprecated. Please use `'airflow.sdk.dag'`.","category":"DeprecatedImportWarning","filename":"/opt/airflow/dags/operator_demo.py","lineno":2,"logger":"py.warnings"}
{"timestamp":"2026-04-14T18:56:49.113317Z","level":"warning","event":"The `airflow.operators.bash.BashOperator` attribute is deprecated. Please use `'airflow.providers.standard.operators.bash.BashOperator'`.","category":"DeprecatedImportWarning","filename":"/opt/airflow/dags/operator_demo.py","lineno":3,"logger":"py.warnings"}
{"timestamp":"2026-04-14T18:56:49.242692Z","level":"info","event":"Filling up the DagBag from /opt/airflow/dags/operator_demo.py","logger":"airflow.models.dagbag.DagBag","filename":"dagbag.py","lineno":593}
{"timestamp":"2026-04-14T18:56:49.264593Z","level":"error","event":"Failed to import: /opt/airflow/dags/operator_demo.py","logger":"airflow.models.dagbag.DagBag","filename":"dagbag.py","lineno":415,"error_detail":[{"exc_type":"FileNotFoundError","exc_value":"[Errno 2] No such file or directory: '/airflow-docker/flight-time.csv'","exc_notes":[],"syntax_error":null,"is_cause":false,"frames":[{"filename":"/home/airflow/.local/lib/python3.12/site-packages/airflow/models/dagbag.py","lineno":405,"name":"parse"},{"filename":"<frozen importlib._bootstrap_external>","lineno":999,"name":"exec_module"},{"filename":"<frozen importlib._bootstrap>","lineno":488,"name":"_call_with_frames_removed"},{"filename":"/opt/airflow/dags/operator_demo.py","lineno":29,"name":"<module>"},{"filename":"/opt/airflow/dags/operator_demo.py","lineno":21,"name":"upload_to_adls"},{"filename":"/home/airflow/.local/lib/python3.12/site-packages/airflow/providers/microsoft/azure/hooks/wasb.py","lineno":359,"name":"load_file"}],"is_group":false,"exceptions":[]}]}
{"timestamp":"2026-04-14T18:56:49.270634Z","level":"warning","event":"The `airflow.decorators.dag` attribute is deprecated. Please use `'airflow.sdk.dag'`.","category":"DeprecatedImportWarning","filename":"/opt/airflow/dags/operator_demo.py","lineno":2,"logger":"py.warnings"}
{"timestamp":"2026-04-14T18:56:49.270806Z","level":"warning","event":"The `airflow.operators.bash.BashOperator` attribute is deprecated. Please use `'airflow.providers.standard.operators.bash.BashOperator'`.","category":"DeprecatedImportWarning","filename":"/opt/airflow/dags/operator_demo.py","lineno":3,"logger":"py.warnings"}
{"timestamp":"2026-04-14T18:56:49.437791Z","level":"info","event":"Filling up the DagBag from /opt/airflow/dags/operator_demo.py","logger":"airflow.models.dagbag.DagBag","filename":"dagbag.py","lineno":593}
{"timestamp":"2026-04-14T18:56:49.479974Z","level":"error","event":"Failed to import: /opt/airflow/dags/operator_demo.py","logger":"airflow.models.dagbag.DagBag","filename":"dagbag.py","lineno":415,"error_detail":[{"exc_type":"FileNotFoundError","exc_value":"[Errno 2] No such file or directory: '/airflow-docker/flight-time.csv'","exc_notes":[],"syntax_error":null,"is_cause":false,"frames":[{"filename":"/home/airflow/.local/lib/python3.12/site-packages/airflow/models/dagbag.py","lineno":405,"name":"parse"},{"filename":"<frozen importlib._bootstrap_external>","lineno":999,"name":"exec_module"},{"filename":"<frozen importlib._bootstrap>","lineno":488,"name":"_call_with_frames_removed"},{"filename":"/opt/airflow/dags/operator_demo.py","lineno":29,"name":"<module>"},{"filename":"/opt/airflow/dags/operator_demo.py","lineno":21,"name":"upload_to_adls"},{"filename":"/home/airflow/.local/lib/python3.12/site-packages/airflow/providers/microsoft/azure/hooks/wasb.py","lineno":359,"name":"load_file"}],"is_group":false,"exceptions":[]}]}
{"timestamp":"2026-04-14T18:56:49.487990Z","level":"warning","event":"The `airflow.decorators.dag` attribute is deprecated. Please use `'airflow.sdk.dag'`.","category":"DeprecatedImportWarning","filename":"/opt/airflow/dags/operator_demo.py","lineno":2,"logger":"py.warnings"}
{"timestamp":"2026-04-14T18:56:49.488337Z","level":"warning","event":"The `airflow.operators.bash.BashOperator` attribute is deprecated. Please use `'airflow.providers.standard.operators.bash.BashOperator'`.","category":"DeprecatedImportWarning","filename":"/opt/airflow/dags/operator_demo.py","lineno":3,"logger":"py.warnings"}
{"timestamp":"2026-04-14T18:56:49.898044Z","level":"info","event":"Filling up the DagBag from /opt/airflow/dags/operator_demo.py","logger":"airflow.models.dagbag.DagBag","filename":"dagbag.py","lineno":593}
{"timestamp":"2026-04-14T18:56:49.952008Z","level":"error","event":"Failed to import: /opt/airflow/dags/operator_demo.py","logger":"airflow.models.dagbag.DagBag","filename":"dagbag.py","lineno":415,"error_detail":[{"exc_type":"FileNotFoundError","exc_value":"[Errno 2] No such file or directory: '/airflow-docker/flight-time.csv'","exc_notes":[],"syntax_error":null,"is_cause":false,"frames":[{"filename":"/home/airflow/.local/lib/python3.12/site-packages/airflow/models/dagbag.py","lineno":405,"name":"parse"},{"filename":"<frozen importlib._bootstrap_external>","lineno":999,"name":"exec_module"},{"filename":"<frozen importlib._bootstrap>","lineno":488,"name":"_call_with_frames_removed"},{"filename":"/opt/airflow/dags/operator_demo.py","lineno":29,"name":"<module>"},{"filename":"/opt/airflow/dags/operator_demo.py","lineno":21,"name":"upload_to_adls"},{"filename":"/home/airflow/.local/lib/python3.12/site-packages/airflow/providers/microsoft/azure/hooks/wasb.py","lineno":359,"name":"load_file"}],"is_group":false,"exceptions":[]}]}
{"timestamp":"2026-04-14T18:56:49.960190Z","level":"warning","event":"The `airflow.decorators.dag` attribute is deprecated. Please use `'airflow.sdk.dag'`.","category":"DeprecatedImportWarning","filename":"/opt/airflow/dags/operator_demo.py","lineno":2,"logger":"py.warnings"}
{"timestamp":"2026-04-14T18:56:49.960477Z","level":"warning","event":"The `airflow.operators.bash.BashOperator` attribute is deprecated. Please use `'airflow.providers.standard.operators.bash.BashOperator'`.","category":"DeprecatedImportWarning","filename":"/opt/airflow/dags/operator_demo.py","lineno":3,"logger":"py.warnings"}
{"timestamp":"2026-04-14T18:56:50.160517Z","level":"info","event":"Filling up the DagBag from /opt/airflow/dags/operator_demo.py","logger":"airflow.models.dagbag.DagBag","filename":"dagbag.py","lineno":593}
{"timestamp":"2026-04-14T18:56:50.198317Z","level":"error","event":"Failed to import: /opt/airflow/dags/operator_demo.py","logger":"airflow.models.dagbag.DagBag","filename":"dagbag.py","lineno":415,"error_detail":[{"exc_type":"FileNotFoundError","exc_value":"[Errno 2] No such file or directory: '/airflow-docker/flight-time.csv'","exc_notes":[],"syntax_error":null,"is_cause":false,"frames":[{"filename":"/home/airflow/.local/lib/python3.12/site-packages/airflow/models/dagbag.py","lineno":405,"name":"parse"},{"filename":"<frozen importlib._bootstrap_external>","lineno":999,"name":"exec_module"},{"filename":"<frozen importlib._bootstrap>","lineno":488,"name":"_call_with_frames_removed"},{"filename":"/opt/airflow/dags/operator_demo.py","lineno":29,"name":"<module>"},{"filename":"/opt/airflow/dags/operator_demo.py","lineno":21,"name":"upload_to_adls"},{"filename":"/home/airflow/.local/lib/python3.12/site-packages/airflow/providers/microsoft/azure/hooks/wasb.py","lineno":359,"name":"load_file"}],"is_group":false,"exceptions":[]}]}
{"timestamp":"2026-04-14T18:56:50.207418Z","level":"warning","event":"The `airflow.decorators.dag` attribute is deprecated. Please use `'airflow.sdk.dag'`.","category":"DeprecatedImportWarning","filename":"/opt/airflow/dags/operator_demo.py","lineno":2,"logger":"py.warnings"}
{"timestamp":"2026-04-14T18:56:50.207635Z","level":"warning","event":"The `airflow.operators.bash.BashOperator` attribute is deprecated. Please use `'airflow.providers.standard.operators.bash.BashOperator'`.","category":"DeprecatedImportWarning","filename":"/opt/airflow/dags/operator_demo.py","lineno":3,"logger":"py.warnings"}
{"timestamp":"2026-04-14T18:56:50.325641Z","level":"info","event":"Filling up the DagBag from /opt/airflow/dags/operator_demo.py","logger":"airflow.models.dagbag.DagBag","filename":"dagbag.py","lineno":593}
{"timestamp":"2026-04-14T18:56:50.360484Z","level":"error","event":"Failed to import: /opt/airflow/dags/operator_demo.py","logger":"airflow.models.dagbag.DagBag","filename":"dagbag.py","lineno":415,"error_detail":[{"exc_type":"FileNotFoundError","exc_value":"[Errno 2] No such file or directory: '/airflow-docker/flight-time.csv'","exc_notes":[],"syntax_error":null,"is_cause":false,"frames":[{"filename":"/home/airflow/.local/lib/python3.12/site-packages/airflow/models/dagbag.py","lineno":405,"name":"parse"},{"filename":"<frozen importlib._bootstrap_external>","lineno":999,"name":"exec_module"},{"filename":"<frozen importlib._bootstrap>","lineno":488,"name":"_call_with_frames_removed"},{"filename":"/opt/airflow/dags/operator_demo.py","lineno":29,"name":"<module>"},{"filename":"/opt/airflow/dags/operator_demo.py","lineno":21,"name":"upload_to_adls"},{"filename":"/home/airflow/.local/lib/python3.12/site-packages/airflow/providers/microsoft/azure/hooks/wasb.py","lineno":359,"name":"load_file"}],"is_group":false,"exceptions":[]}]}
{"timestamp":"2026-04-14T18:56:50.369731Z","level":"warning","event":"The `airflow.decorators.dag` attribute is deprecated. Please use `'airflow.sdk.dag'`.","category":"DeprecatedImportWarning","filename":"/opt/airflow/dags/operator_demo.py","lineno":2,"logger":"py.warnings"}
{"timestamp":"2026-04-14T18:56:50.369898Z","level":"warning","event":"The `airflow.operators.bash.BashOperator` attribute is deprecated. Please use `'airflow.providers.standard.operators.bash.BashOperator'`.","category":"DeprecatedImportWarning","filename":"/opt/airflow/dags/operator_demo.py","lineno":3,"logger":"py.warnings"}
{"timestamp":"2026-04-14T18:56:50.498849Z","level":"info","event":"Filling up the DagBag from /opt/airflow/dags/operator_demo.py","logger":"airflow.models.dagbag.DagBag","filename":"dagbag.py","lineno":593}
{"timestamp":"2026-04-14T18:56:50.534347Z","level":"error","event":"Failed to import: /opt/airflow/dags/operator_demo.py","logger":"airflow.models.dagbag.DagBag","filename":"dagbag.py","lineno":415,"error_detail":[{"exc_type":"FileNotFoundError","exc_value":"[Errno 2] No such file or directory: '/airflow-docker/flight-time.csv'","exc_notes":[],"syntax_error":null,"is_cause":false,"frames":[{"filename":"/home/airflow/.local/lib/python3.12/site-packages/airflow/models/dagbag.py","lineno":405,"name":"parse"},{"filename":"<frozen importlib._bootstrap_external>","lineno":999,"name":"exec_module"},{"filename":"<frozen importlib._bootstrap>","lineno":488,"name":"_call_with_frames_removed"},{"filename":"/opt/airflow/dags/operator_demo.py","lineno":29,"name":"<module>"},{"filename":"/opt/airflow/dags/operator_demo.py","lineno":21,"name":"upload_to_adls"},{"filename":"/home/airflow/.local/lib/python3.12/site-packages/airflow/providers/microsoft/azure/hooks/wasb.py","lineno":359,"name":"load_file"}],"is_group":false,"exceptions":[]}]}
{"timestamp":"2026-04-14T18:56:50.543320Z","level":"warning","event":"The `airflow.decorators.dag` attribute is deprecated. Please use `'airflow.sdk.dag'`.","category":"DeprecatedImportWarning","filename":"/opt/airflow/dags/operator_demo.py","lineno":2,"logger":"py.warnings"}
{"timestamp":"2026-04-14T18:56:50.543520Z","level":"warning","event":"The `airflow.operators.bash.BashOperator` attribute is deprecated. Please use `'airflow.providers.standard.operators.bash.BashOperator'`.","category":"DeprecatedImportWarning","filename":"/opt/airflow/dags/operator_demo.py","lineno":3,"logger":"py.warnings"}
{"timestamp":"2026-04-14T18:56:50.645219Z","level":"info","event":"Filling up the DagBag from /opt/airflow/dags/operator_demo.py","logger":"airflow.models.dagbag.DagBag","filename":"dagbag.py","lineno":593}
{"timestamp":"2026-04-14T18:56:50.681790Z","level":"error","event":"Failed to import: /opt/airflow/dags/operator_demo.py","logger":"airflow.models.dagbag.DagBag","filename":"dagbag.py","lineno":415,"error_detail":[{"exc_type":"FileNotFoundError","exc_value":"[Errno 2] No such file or directory: '/airflow-docker/flight-time.csv'","exc_notes":[],"syntax_error":null,"is_cause":false,"frames":[{"filename":"/home/airflow/.local/lib/python3.12/site-packages/airflow/models/dagbag.py","lineno":405,"name":"parse"},{"filename":"<frozen importlib._bootstrap_external>","lineno":999,"name":"exec_module"},{"filename":"<frozen importlib._bootstrap>","lineno":488,"name":"_call_with_frames_removed"},{"filename":"/opt/airflow/dags/operator_demo.py","lineno":29,"name":"<module>"},{"filename":"/opt/airflow/dags/operator_demo.py","lineno":21,"name":"upload_to_adls"},{"filename":"/home/airflow/.local/lib/python3.12/site-packages/airflow/providers/microsoft/azure/hooks/wasb.py","lineno":359,"name":"load_file"}],"is_group":false,"exceptions":[]}]}
{"timestamp":"2026-04-14T18:56:50.690719Z","level":"warning","event":"The `airflow.decorators.dag` attribute is deprecated. Please use `'airflow.sdk.dag'`.","category":"DeprecatedImportWarning","filename":"/opt/airflow/dags/operator_demo.py","lineno":2,"logger":"py.warnings"}
{"timestamp":"2026-04-14T18:56:50.690873Z","level":"warning","event":"The `airflow.operators.bash.BashOperator` attribute is deprecated. Please use `'airflow.providers.standard.operators.bash.BashOperator'`.","category":"DeprecatedImportWarning","filename":"/opt/airflow/dags/operator_demo.py","lineno":3,"logger":"py.warnings"}
{"timestamp":"2026-04-14T18:57:21.170205Z","level":"info","event":"Filling up the DagBag from /opt/airflow/dags/operator_demo.py","logger":"airflow.models.dagbag.DagBag","filename":"dagbag.py","lineno":593}
{"timestamp":"2026-04-14T18:57:21.196947Z","level":"error","event":"Failed to import: /opt/airflow/dags/operator_demo.py","logger":"airflow.models.dagbag.DagBag","filename":"dagbag.py","lineno":415,"error_detail":[{"exc_type":"FileNotFoundError","exc_value":"[Errno 2] No such file or directory: '/airflow-docker/flight-time.csv'","exc_notes":[],"syntax_error":null,"is_cause":false,"frames":[{"filename":"/home/airflow/.local/lib/python3.12/site-packages/airflow/models/dagbag.py","lineno":405,"name":"parse"},{"filename":"<frozen importlib._bootstrap_external>","lineno":999,"name":"exec_module"},{"filename":"<frozen importlib._bootstrap>","lineno":488,"name":"_call_with_frames_removed"},{"filename":"/opt/airflow/dags/operator_demo.py","lineno":29,"name":"<module>"},{"filename":"/opt/airflow/dags/operator_demo.py","lineno":21,"name":"upload_to_adls"},{"filename":"/home/airflow/.local/lib/python3.12/site-packages/airflow/providers/microsoft/azure/hooks/wasb.py","lineno":359,"name":"load_file"}],"is_group":false,"exceptions":[]}]}
{"timestamp":"2026-04-14T18:57:21.203024Z","level":"warning","event":"The `airflow.decorators.dag` attribute is deprecated. Please use `'airflow.sdk.dag'`.","category":"DeprecatedImportWarning","filename":"/opt/airflow/dags/operator_demo.py","lineno":2,"logger":"py.warnings"}
{"timestamp":"2026-04-14T18:57:21.203159Z","level":"warning","event":"The `airflow.operators.bash.BashOperator` attribute is deprecated. Please use `'airflow.providers.standard.operators.bash.BashOperator'`.","category":"DeprecatedImportWarning","filename":"/opt/airflow/dags/operator_demo.py","lineno":3,"logger":"py.warnings"}
{"timestamp":"2026-04-14T18:57:51.679374Z","level":"info","event":"Filling up the DagBag from /opt/airflow/dags/operator_demo.py","logger":"airflow.models.dagbag.DagBag","filename":"dagbag.py","lineno":593}
{"timestamp":"2026-04-14T18:57:51.706030Z","level":"error","event":"Failed to import: /opt/airflow/dags/operator_demo.py","logger":"airflow.models.dagbag.DagBag","filename":"dagbag.py","lineno":415,"error_detail":[{"exc_type":"FileNotFoundError","exc_value":"[Errno 2] No such file or directory: '/airflow-docker/flight-time.csv'","exc_notes":[],"syntax_error":null,"is_cause":false,"frames":[{"filename":"/home/airflow/.local/lib/python3.12/site-packages/airflow/models/dagbag.py","lineno":405,"name":"parse"},{"filename":"<frozen importlib._bootstrap_external>","lineno":999,"name":"exec_module"},{"filename":"<frozen importlib._bootstrap>","lineno":488,"name":"_call_with_frames_removed"},{"filename":"/opt/airflow/dags/operator_demo.py","lineno":29,"name":"<module>"},{"filename":"/opt/airflow/dags/operator_demo.py","lineno":21,"name":"upload_to_adls"},{"filename":"/home/airflow/.local/lib/python3.12/site-packages/airflow/providers/microsoft/azure/hooks/wasb.py","lineno":359,"name":"load_file"}],"is_group":false,"exceptions":[]}]}
{"timestamp":"2026-04-14T18:57:51.711315Z","level":"warning","event":"The `airflow.decorators.dag` attribute is deprecated. Please use `'airflow.sdk.dag'`.","category":"DeprecatedImportWarning","filename":"/opt/airflow/dags/operator_demo.py","lineno":2,"logger":"py.warnings"}
{"timestamp":"2026-04-14T18:57:51.711495Z","level":"warning","event":"The `airflow.operators.bash.BashOperator` attribute is deprecated. Please use `'airflow.providers.standard.operators.bash.BashOperator'`.","category":"DeprecatedImportWarning","filename":"/opt/airflow/dags/operator_demo.py","lineno":3,"logger":"py.warnings"}
{"timestamp":"2026-04-14T18:58:21.888269Z","level":"info","event":"Filling up the DagBag from /opt/airflow/dags/operator_demo.py","logger":"airflow.models.dagbag.DagBag","filename":"dagbag.py","lineno":593}
{"timestamp":"2026-04-14T18:58:21.915185Z","level":"error","event":"Failed to import: /opt/airflow/dags/operator_demo.py","logger":"airflow.models.dagbag.DagBag","filename":"dagbag.py","lineno":415,"error_detail":[{"exc_type":"FileNotFoundError","exc_value":"[Errno 2] No such file or directory: '/airflow-docker/flight-time.csv'","exc_notes":[],"syntax_error":null,"is_cause":false,"frames":[{"filename":"/home/airflow/.local/lib/python3.12/site-packages/airflow/models/dagbag.py","lineno":405,"name":"parse"},{"filename":"<frozen importlib._bootstrap_external>","lineno":999,"name":"exec_module"},{"filename":"<frozen importlib._bootstrap>","lineno":488,"name":"_call_with_frames_removed"},{"filename":"/opt/airflow/dags/operator_demo.py","lineno":29,"name":"<module>"},{"filename":"/opt/airflow/dags/operator_demo.py","lineno":21,"name":"upload_to_adls"},{"filename":"/home/airflow/.local/lib/python3.12/site-packages/airflow/providers/microsoft/azure/hooks/wasb.py","lineno":359,"name":"load_file"}],"is_group":false,"exceptions":[]}]}
{"timestamp":"2026-04-14T18:58:21.921450Z","level":"warning","event":"The `airflow.decorators.dag` attribute is deprecated. Please use `'airflow.sdk.dag'`.","category":"DeprecatedImportWarning","filename":"/opt/airflow/dags/operator_demo.py","lineno":2,"logger":"py.warnings"}
{"timestamp":"2026-04-14T18:58:21.921724Z","level":"warning","event":"The `airflow.operators.bash.BashOperator` attribute is deprecated. Please use `'airflow.providers.standard.operators.bash.BashOperator'`.","category":"DeprecatedImportWarning","filename":"/opt/airflow/dags/operator_demo.py","lineno":3,"logger":"py.warnings"}
{"timestamp":"2026-04-14T18:58:52.405017Z","level":"info","event":"Filling up the DagBag from /opt/airflow/dags/operator_demo.py","logger":"airflow.models.dagbag.DagBag","filename":"dagbag.py","lineno":593}
{"timestamp":"2026-04-14T18:58:52.430584Z","level":"error","event":"Failed to import: /opt/airflow/dags/operator_demo.py","logger":"airflow.models.dagbag.DagBag","filename":"dagbag.py","lineno":415,"error_detail":[{"exc_type":"FileNotFoundError","exc_value":"[Errno 2] No such file or directory: '/airflow-docker/flight-time.csv'","exc_notes":[],"syntax_error":null,"is_cause":false,"frames":[{"filename":"/home/airflow/.local/lib/python3.12/site-packages/airflow/models/dagbag.py","lineno":405,"name":"parse"},{"filename":"<frozen importlib._bootstrap_external>","lineno":999,"name":"exec_module"},{"filename":"<frozen importlib._bootstrap>","lineno":488,"name":"_call_with_frames_removed"},{"filename":"/opt/airflow/dags/operator_demo.py","lineno":29,"name":"<module>"},{"filename":"/opt/airflow/dags/operator_demo.py","lineno":21,"name":"upload_to_adls"},{"filename":"/home/airflow/.local/lib/python3.12/site-packages/airflow/providers/microsoft/azure/hooks/wasb.py","lineno":359,"name":"load_file"}],"is_group":false,"exceptions":[]}]}
{"timestamp":"2026-04-14T18:58:52.436989Z","level":"warning","event":"The `airflow.decorators.dag` attribute is deprecated. Please use `'airflow.sdk.dag'`.","category":"DeprecatedImportWarning","filename":"/opt/airflow/dags/operator_demo.py","lineno":2,"logger":"py.warnings"}
{"timestamp":"2026-04-14T18:58:52.437187Z","level":"warning","event":"The `airflow.operators.bash.BashOperator` attribute is deprecated. Please use `'airflow.providers.standard.operators.bash.BashOperator'`.","category":"DeprecatedImportWarning","filename":"/opt/airflow/dags/operator_demo.py","lineno":3,"logger":"py.warnings"}
{"timestamp":"2026-04-14T18:59:03.171089Z","level":"info","event":"Filling up the DagBag from /opt/airflow/dags/operator_demo.py","logger":"airflow.models.dagbag.DagBag","filename":"dagbag.py","lineno":593}
{"timestamp":"2026-04-14T18:59:03.216312Z","level":"warning","event":"The `airflow.decorators.dag` attribute is deprecated. Please use `'airflow.sdk.dag'`.","category":"DeprecatedImportWarning","filename":"/opt/airflow/dags/operator_demo.py","lineno":2,"logger":"py.warnings"}
{"timestamp":"2026-04-14T18:59:03.216467Z","level":"warning","event":"The `airflow.operators.bash.BashOperator` attribute is deprecated. Please use `'airflow.providers.standard.operators.bash.BashOperator'`.","category":"DeprecatedImportWarning","filename":"/opt/airflow/dags/operator_demo.py","lineno":3,"logger":"py.warnings"}
{"timestamp":"2026-04-14T18:59:33.573421Z","level":"info","event":"Filling up the DagBag from /opt/airflow/dags/operator_demo.py","logger":"airflow.models.dagbag.DagBag","filename":"dagbag.py","lineno":593}
{"timestamp":"2026-04-14T18:59:33.596156Z","level":"warning","event":"The `airflow.decorators.dag` attribute is deprecated. Please use `'airflow.sdk.dag'`.","category":"DeprecatedImportWarning","filename":"/opt/airflow/dags/operator_demo.py","lineno":2,"logger":"py.warnings"}
{"timestamp":"2026-04-14T18:59:33.596394Z","level":"warning","event":"The `airflow.operators.bash.BashOperator` attribute is deprecated. Please use `'airflow.providers.standard.operators.bash.BashOperator'`.","category":"DeprecatedImportWarning","filename":"/opt/airflow/dags/operator_demo.py","lineno":3,"logger":"py.warnings"}
