{"timestamp":"2026-04-16T18:05:11.840033Z","level":"info","event":"DAG bundles loaded: dags-folder, example_dags","logger":"airflow.dag_processing.bundles.manager.DagBundlesManager","filename":"manager.py","lineno":179}
{"timestamp":"2026-04-16T18:05:11.841561Z","level":"info","event":"Filling up the DagBag from /opt/airflow/dags/operator_demo.py","logger":"airflow.models.dagbag.DagBag","filename":"dagbag.py","lineno":593}
{"timestamp":"2026-04-16T18:05:11.996283Z","level":"warning","event":"The `airflow.decorators.dag` attribute is deprecated. Please use `'airflow.sdk.dag'`.","category":"DeprecatedImportWarning","filename":"/opt/airflow/dags/operator_demo.py","lineno":3,"logger":"py.warnings"}
{"timestamp":"2026-04-16T18:05:11.996429Z","level":"warning","event":"The `airflow.operators.bash.BashOperator` attribute is deprecated. Please use `'airflow.providers.standard.operators.bash.BashOperator'`.","category":"DeprecatedImportWarning","filename":"/opt/airflow/dags/operator_demo.py","lineno":4,"logger":"py.warnings"}
{"timestamp":"2026-04-16T18:05:11.996492Z","level":"warning","event":"The `airflow.operators.python.PythonOperator` attribute is deprecated. Please use `'airflow.providers.standard.operators.python.PythonOperator'`.","category":"DeprecatedImportWarning","filename":"/opt/airflow/dags/operator_demo.py","lineno":5,"logger":"py.warnings"}
{"timestamp":"2026-04-16T18:05:12.022708Z","level":"info","event":"Task instance is in running state","logger":"task.stdout"}
{"timestamp":"2026-04-16T18:05:12.023486Z","level":"info","event":" Previous state of the Task instance: TaskInstanceState.QUEUED","logger":"task.stdout"}
{"timestamp":"2026-04-16T18:05:12.024189Z","level":"info","event":"Current task name:list_dag_folder_files","logger":"task.stdout"}
{"timestamp":"2026-04-16T18:05:12.024941Z","level":"info","event":"Dag name:bash_operator_demo","logger":"task.stdout"}
{"timestamp":"2026-04-16T18:05:12.023497Z","level":"info","event":"Tmp dir root location: /tmp","logger":"airflow.task.hooks.airflow.providers.standard.hooks.subprocess.SubprocessHook","filename":"subprocess.py","lineno":78}
{"timestamp":"2026-04-16T18:05:12.024985Z","level":"info","event":"Running command: ['/usr/bin/bash', '-c', \"echo 'Files in DAGS Folder' && ls -lh /opt/airflow/dags\"]","logger":"airflow.task.hooks.airflow.providers.standard.hooks.subprocess.SubprocessHook","filename":"subprocess.py","lineno":80}
{"timestamp":"2026-04-16T18:05:12.026001Z","level":"info","event":"Output:","logger":"airflow.task.hooks.airflow.providers.standard.hooks.subprocess.SubprocessHook","filename":"subprocess.py","lineno":92}
{"timestamp":"2026-04-16T18:05:12.027691Z","level":"info","event":"Files in DAGS Folder","logger":"airflow.task.hooks.airflow.providers.standard.hooks.subprocess.SubprocessHook","filename":"subprocess.py","lineno":99}
{"timestamp":"2026-04-16T18:05:12.037500Z","level":"info","event":"total 41M","logger":"airflow.task.hooks.airflow.providers.standard.hooks.subprocess.SubprocessHook","filename":"subprocess.py","lineno":99}
{"timestamp":"2026-04-16T18:05:12.037687Z","level":"info","event":"drwxrwxr-x 1 airflow root 4.0K Apr 16 18:04 __pycache__","logger":"airflow.task.hooks.airflow.providers.standard.hooks.subprocess.SubprocessHook","filename":"subprocess.py","lineno":99}
{"timestamp":"2026-04-16T18:05:12.037737Z","level":"info","event":"-rwxrwxrwx 1 airflow root  41M Dec 18 16:48 flight-time.csv","logger":"airflow.task.hooks.airflow.providers.standard.hooks.subprocess.SubprocessHook","filename":"subprocess.py","lineno":99}
{"timestamp":"2026-04-16T18:05:12.037771Z","level":"info","event":"-rwxrwxrwx 1 airflow root 3.5K Apr 16 18:04 operator_demo.py","logger":"airflow.task.hooks.airflow.providers.standard.hooks.subprocess.SubprocessHook","filename":"subprocess.py","lineno":99}
{"timestamp":"2026-04-16T18:05:12.037800Z","level":"info","event":"-rwxrwxrwx 1 airflow root  544 Apr 13 19:18 taskflow_demo.py","logger":"airflow.task.hooks.airflow.providers.standard.hooks.subprocess.SubprocessHook","filename":"subprocess.py","lineno":99}
{"timestamp":"2026-04-16T18:05:12.037909Z","level":"info","event":"Command exited with return code 0","logger":"airflow.task.hooks.airflow.providers.standard.hooks.subprocess.SubprocessHook","filename":"subprocess.py","lineno":103}
{"timestamp":"2026-04-16T18:05:12.038427Z","level":"info","event":"Pushing xcom","ti":"RuntimeTaskInstance(id=UUID('019d9777-e55f-72b8-8180-9765e0b67931'), task_id='list_dag_folder_files', dag_id='bash_operator_demo', run_id='manual__2026-04-16T18:05:08+00:00', try_number=1, dag_version_id=UUID('019d9772-cc51-701b-8a8d-16d0efc1f7bb'), map_index=-1, hostname='e9d6f0cb623f', context_carrier={}, task=<Task(BashOperator): list_dag_folder_files>, bundle_instance=LocalDagBundle(name=dags-folder), max_tries=0, start_date=datetime.datetime(2026, 4, 16, 18, 5, 11, 470196, tzinfo=datetime.timezone.utc), end_date=None, state=<TaskInstanceState.RUNNING: 'running'>, is_mapped=False, rendered_map_index=None)","logger":"task","filename":"task_runner.py","lineno":1370}
{"timestamp":"2026-04-16T18:05:12.066486Z","level":"info","event":"Task instance in success state","logger":"task.stdout"}
{"timestamp":"2026-04-16T18:05:12.067238Z","level":"info","event":" Previous state of the Task instance: TaskInstanceState.RUNNING","logger":"task.stdout"}
{"timestamp":"2026-04-16T18:05:12.067734Z","level":"info","event":"Task operator:<Task(BashOperator): list_dag_folder_files>","logger":"task.stdout"}
